
Submitted to slurm:  07/24/20-10:02:48
node002
(none)
I am: imstof
I am at /home/imstof/testjobs


3 is a prime number!

5 is a prime number!

7 is a prime number!
. 
11 is a prime number!

13 is a prime number!
. 
17 is a prime number!

19 is a prime number!
. 
23 is a prime number!
. . 
29 is a prime number!

31 is a prime number!
. . 
37 is a prime number!
. 
41 is a prime number!

43 is a prime number!
. 
47 is a prime number!
. . 
53 is a prime number!
. . 
59 is a prime number!

61 is a prime number!
. . 
67 is a prime number!
. 
71 is a prime number!

73 is a prime number!
. . 
79 is a prime number!
. 
83 is a prime number!
. . 
89 is a prime number!
. . . 
97 is a prime number!
. 
101 is a prime number!

103 is a prime number!
. 
107 is a prime number!

109 is a prime number!
. 
113 is a prime number!
. . . . . . 
127 is a prime number!
. 
131 is a prime number!
. . 
137 is a prime number!

139 is a prime number!
. . . . 
149 is a prime number!

151 is a prime number!
. . 
157 is a prime number!
. . 
163 is a prime number!
. 
167 is a prime number!
. . 
173 is a prime number!
. . 
179 is a prime number!

181 is a prime number!
. . . . 
191 is a prime number!

193 is a prime number!
. 
197 is a prime number!

199 is a prime number!
. . . . . 
211 is a prime number!
. . . . . 
223 is a prime number!
. 
227 is a prime number!

229 is a prime number!
. 
233 is a prime number!
. . 
239 is a prime number!

241 is a prime number!
. . . . 
251 is a prime number!
. . 
257 is a prime number!
. . 
263 is a prime number!
. . 
269 is a prime number!

271 is a prime number!
. . 
277 is a prime number!
. 
281 is a prime number!

283 is a prime number!
. . . . 
293 is a prime number!
. . . . . . 
307 is a prime number!
. 
311 is a prime number!

313 is a prime number!
. 
317 is a prime number!
. . . . . . 
331 is a prime number!
. . 
337 is a prime number!
. . . . 
347 is a prime number!

349 is a prime number!
. 
353 is a prime number!
. . 
359 is a prime number!
. . . 
367 is a prime number!
. . 
373 is a prime number!
. . 
379 is a prime number!
. 
383 is a prime number!
. . 
389 is a prime number!
. . . 
397 is a prime number!
. 
401 is a prime number!
. . . 
409 is a prime number!
. . . . 
419 is a prime number!

421 is a prime number!
. . . . 
431 is a prime number!

433 is a prime number!
. . 
439 is a prime number!
. 
443 is a prime number!
. . 
449 is a prime number!
. . . 
457 is a prime number!
. 
461 is a prime number!

463 is a prime number!
. 
467 is a prime number!
. . . . . 
479 is a prime number!
. . . 
487 is a prime number!
. 
491 is a prime number!
. . . 
499 is a prime number!
. 
503 is a prime number!
. . 
509 is a prime number!
. . . . . 
521 is a prime number!

523 is a prime number!
. . . . . . . . 
541 is a prime number!
. . 
547 is a prime number!
. . . . 
557 is a prime number!
. . 
563 is a prime number!
. . 
569 is a prime number!

571 is a prime number!
. . 
577 is a prime number!
. . . . 
587 is a prime number!
. . 
593 is a prime number!
. . 
599 is a prime number!

601 is a prime number!
. . 
607 is a prime number!
. . 
613 is a prime number!
. 
617 is a prime number!

619 is a prime number!
. . . . . 
631 is a prime number!
. . . . 
641 is a prime number!

643 is a prime number!
. 
647 is a prime number!
. . 
653 is a prime number!
. . 
659 is a prime number!

661 is a prime number!
. . . . . 
673 is a prime number!
. 
677 is a prime number!
. . 
683 is a prime number!
. . . 
691 is a prime number!
. . . . 
701 is a prime number!
. . . 
709 is a prime number!
. . . . 
719 is a prime number!
. . . 
727 is a prime number!
. . 
733 is a prime number!
. . 
739 is a prime number!
. 
743 is a prime number!
. . . 
751 is a prime number!
. . 
757 is a prime number!
. 
761 is a prime number!
. . . 
769 is a prime number!
. 
773 is a prime number!
. . . . . . 
787 is a prime number!
. . . . 
797 is a prime number!
. . . . . 
809 is a prime number!

811 is a prime number!
. . . . 
821 is a prime number!

823 is a prime number!
. 
827 is a prime number!

829 is a prime number!
. . . . 
839 is a prime number!
. . . . . . 
853 is a prime number!
. 
857 is a prime number!

859 is a prime number!
. 
863 is a prime number!
. . . . . . 
877 is a prime number!
. 
881 is a prime number!

883 is a prime number!
. 
887 is a prime number!
. . . . . . . . . 
907 is a prime number!
. 
911 is a prime number!
. . . 
919 is a prime number!
. . . . 
929 is a prime number!
. . . 
937 is a prime number!
. 
941 is a prime number!
. . 
947 is a prime number!
. . 
953 is a prime number!
. . . . . . 
967 is a prime number!
. 
971 is a prime number!
. . 
977 is a prime number!
. . 
983 is a prime number!
. . . 
991 is a prime number!
. . 
997 is a prime number!
. . . . . 
1009 is a prime number!
. 
1013 is a prime number!
. . 
1019 is a prime number!

1021 is a prime number!
. . . . 
1031 is a prime number!

1033 is a prime number!
. . 
1039 is a prime number!
. . . . 
1049 is a prime number!

1051 is a prime number!
. . . . 
1061 is a prime number!

1063 is a prime number!
. . 
1069 is a prime number!
. . . . . . . . 
1087 is a prime number!
. 
1091 is a prime number!

1093 is a prime number!
. 
1097 is a prime number!
. . 
1103 is a prime number!
. . 
1109 is a prime number!
. . . 
1117 is a prime number!
. . 
1123 is a prime number!
. . 
1129 is a prime number!
. . . . . . . . . . 
1151 is a prime number!

1153 is a prime number!
. . . . 
1163 is a prime number!
. . . 
1171 is a prime number!
. . . . 
1181 is a prime number!
. . 
1187 is a prime number!
. . 
1193 is a prime number!
. . . 
1201 is a prime number!
. . . . . 
1213 is a prime number!
. 
1217 is a prime number!
. . 
1223 is a prime number!
. . 
1229 is a prime number!

1231 is a prime number!
. . 
1237 is a prime number!
. . . . . 
1249 is a prime number!
. . . . 
1259 is a prime number!
. . . . . . . . 
1277 is a prime number!

1279 is a prime number!
. 
1283 is a prime number!
. . 
1289 is a prime number!

1291 is a prime number!
. . 
1297 is a prime number!
. 
1301 is a prime number!

1303 is a prime number!
. 
1307 is a prime number!
. . . . . 
1319 is a prime number!

1321 is a prime number!
. . 
1327 is a prime number!
. . . . . . . . . . . . . . . . 
1361 is a prime number!
. . 
1367 is a prime number!
. . 
1373 is a prime number!
. . . 
1381 is a prime number!
. . . . . . . . 
1399 is a prime number!
. . . . 
1409 is a prime number!
. . . . . . 
1423 is a prime number!
. 
1427 is a prime number!

1429 is a prime number!
. 
1433 is a prime number!
. . 
1439 is a prime number!
. . . 
1447 is a prime number!
. 
1451 is a prime number!

1453 is a prime number!
. . 
1459 is a prime number!
. . . . . 
1471 is a prime number!
. . . . 
1481 is a prime number!

1483 is a prime number!
. 
1487 is a prime number!

1489 is a prime number!
. 
1493 is a prime number!
. . 
1499 is a prime number!
. . . . . 
1511 is a prime number!
. . . . . 
1523 is a prime number!
. . . 
1531 is a prime number!
. . . . . 
1543 is a prime number!
. . 
1549 is a prime number!
. 
1553 is a prime number!
. . 
1559 is a prime number!
. . . 
1567 is a prime number!
. 
1571 is a prime number!
. . . 
1579 is a prime number!
. 
1583 is a prime number!
. . . . . . 
1597 is a prime number!
. 
1601 is a prime number!
. . 
1607 is a prime number!

1609 is a prime number!
. 
1613 is a prime number!
. . 
1619 is a prime number!

1621 is a prime number!
. . 
1627 is a prime number!
. . . . 
1637 is a prime number!
. . . . . . . . . 
1657 is a prime number!
. . 
1663 is a prime number!
. 
1667 is a prime number!

1669 is a prime number!
. . . . . . . . . . . 
1693 is a prime number!
. 
1697 is a prime number!

1699 is a prime number!
. . . . 
1709 is a prime number!
. . . . . 
1721 is a prime number!

1723 is a prime number!
. . . . 
1733 is a prime number!
. . . 
1741 is a prime number!
. . 
1747 is a prime number!
. . 
1753 is a prime number!
. . 
1759 is a prime number!
. . . . . . . . 
1777 is a prime number!
. . 
1783 is a prime number!
. 
1787 is a prime number!

1789 is a prime number!
. . . . . 
1801 is a prime number!
. . . . 
1811 is a prime number!
. . . . . 
1823 is a prime number!
. . . 
1831 is a prime number!
. . . . . . . 
1847 is a prime number!
. . . . . . 
1861 is a prime number!
. . 
1867 is a prime number!
. 
1871 is a prime number!

1873 is a prime number!
. 
1877 is a prime number!

1879 is a prime number!
. . . . 
1889 is a prime number!
. . . . . 
1901 is a prime number!
. . 
1907 is a prime number!
. . 
1913 is a prime number!
. . . . . . . . 
1931 is a prime number!

1933 is a prime number!
. . . . . . . 
1949 is a prime number!

1951 is a prime number!
. . . . . . . . . . 
1973 is a prime number!
. . 
1979 is a prime number!
. . . 
1987 is a prime number!
. . 
1993 is a prime number!
. 
1997 is a prime number!

1999 is a prime number!
. 
2003 is a prime number!
. . . 
2011 is a prime number!
. . 
2017 is a prime number!
. . . . 
2027 is a prime number!

2029 is a prime number!
. . . . 
2039 is a prime number!
. . . . . . 
2053 is a prime number!
. . . . 
2063 is a prime number!
. . 
2069 is a prime number!
. . . . . 
2081 is a prime number!

2083 is a prime number!
. 
2087 is a prime number!

2089 is a prime number!
. . . . 
2099 is a prime number!
. . . . . 
2111 is a prime number!

2113 is a prime number!
. . . . . . . 
2129 is a prime number!

2131 is a prime number!
. . 
2137 is a prime number!
. 
2141 is a prime number!

2143 is a prime number!
. . . . 
2153 is a prime number!
. . . 
2161 is a prime number!
. . . . . . . . 
2179 is a prime number!
. . . . . . . . . . . 
2203 is a prime number!
. 
2207 is a prime number!
. . 
2213 is a prime number!
. . . 
2221 is a prime number!
. . . . . . . 
2237 is a prime number!

2239 is a prime number!
. 
2243 is a prime number!
. . . 
2251 is a prime number!
. . . . . . . 
2267 is a prime number!

2269 is a prime number!
. 
2273 is a prime number!
. . . 
2281 is a prime number!
. . 
2287 is a prime number!
. . 
2293 is a prime number!
. 
2297 is a prime number!
. . . . . 
2309 is a prime number!

2311 is a prime number!
. . . . . . . . . . 
2333 is a prime number!
. . 
2339 is a prime number!

2341 is a prime number!
. . 
2347 is a prime number!
. 
2351 is a prime number!
. . 
2357 is a prime number!
. . . . . . 
2371 is a prime number!
. . 
2377 is a prime number!
. 
2381 is a prime number!

2383 is a prime number!
. . 
2389 is a prime number!
. 
2393 is a prime number!
. . 
2399 is a prime number!
. . . . . 
2411 is a prime number!
. . 
2417 is a prime number!
. . 
2423 is a prime number!
. . . . . . 
2437 is a prime number!
. 
2441 is a prime number!
. . 
2447 is a prime number!
. . . . . 
2459 is a prime number!
. . . 
2467 is a prime number!
. . 
2473 is a prime number!
. 
2477 is a prime number!
. . . . . . . . . . . . 
2503 is a prime number!
. . . . . . . . 
2521 is a prime number!
. . . . 
2531 is a prime number!
. . . 
2539 is a prime number!
. 
2543 is a prime number!
. . 
2549 is a prime number!

2551 is a prime number!
. . 
2557 is a prime number!
. . . . . . . . . . 
2579 is a prime number!
. . . . . 
2591 is a prime number!

2593 is a prime number!
. . . . . . . 
2609 is a prime number!
. . . 
2617 is a prime number!
. 
2621 is a prime number!
. . . . . 
2633 is a prime number!
. . . . . . 
2647 is a prime number!
. . . . 
2657 is a prime number!

2659 is a prime number!
. 
2663 is a prime number!
. . . 
2671 is a prime number!
. . 
2677 is a prime number!
. . 
2683 is a prime number!
. 
2687 is a prime number!

2689 is a prime number!
. 
2693 is a prime number!
. . 
2699 is a prime number!
. . . 
2707 is a prime number!
. 
2711 is a prime number!

2713 is a prime number!
. . 
2719 is a prime number!
. . . . 
2729 is a prime number!

2731 is a prime number!
. . . . 
2741 is a prime number!
. . . 
2749 is a prime number!
. 
2753 is a prime number!
. . . . . . 
2767 is a prime number!
. . . . 
2777 is a prime number!
. . . . . 
2789 is a prime number!

2791 is a prime number!
. . 
2797 is a prime number!
. 
2801 is a prime number!

2803 is a prime number!
. . . . . . . 
2819 is a prime number!
. . . . . . 
2833 is a prime number!
. 
2837 is a prime number!
. . 
2843 is a prime number!
. . . 
2851 is a prime number!
. . 
2857 is a prime number!
. 
2861 is a prime number!
. . . . . . . . 
2879 is a prime number!
. . . 
2887 is a prime number!
. . . . 
2897 is a prime number!
. . 
2903 is a prime number!
. . 
2909 is a prime number!
. . . 
2917 is a prime number!
. . . . 
2927 is a prime number!
. . . . . 
2939 is a prime number!
. . . . . . 
2953 is a prime number!
. 
2957 is a prime number!
. . 
2963 is a prime number!
. . 
2969 is a prime number!

2971 is a prime number!
. . . . . . . . . . . . . 
2999 is a prime number!

3001 is a prime number!
. . . . 
3011 is a prime number!
. . . 
3019 is a prime number!
. 
3023 is a prime number!
. . . . . . 
3037 is a prime number!
. 
3041 is a prime number!
. . . 
3049 is a prime number!
. . . . . 
3061 is a prime number!
. . 
3067 is a prime number!
. . . . . 
3079 is a prime number!
. 
3083 is a prime number!
. . 
3089 is a prime number!
. . . . . . . . . 
3109 is a prime number!
. . . . 
3119 is a prime number!

3121 is a prime number!
. . . . . . . 
3137 is a prime number!
. . . . . . . . . . . . 
3163 is a prime number!
. 
3167 is a prime number!

3169 is a prime number!
. . . . . 
3181 is a prime number!
. . 
3187 is a prime number!
. 
3191 is a prime number!
. . . . . 
3203 is a prime number!
. . 
3209 is a prime number!
. . . 
3217 is a prime number!
. 
3221 is a prime number!
. . . 
3229 is a prime number!
. . . . . . . . . . 
3251 is a prime number!

3253 is a prime number!
. 
3257 is a prime number!

3259 is a prime number!
. . . . . 
3271 is a prime number!
. . . . . . . . . . . . . 
3299 is a prime number!

3301 is a prime number!
. . 
3307 is a prime number!
. . 
3313 is a prime number!
. . 
3319 is a prime number!
. 
3323 is a prime number!
. . 
3329 is a prime number!

3331 is a prime number!
. . . . . 
3343 is a prime number!
. 
3347 is a prime number!
. . . . . 
3359 is a prime number!

3361 is a prime number!
. . . . 
3371 is a prime number!

3373 is a prime number!
. . . . . . . 
3389 is a prime number!

3391 is a prime number!
. . . . . . . 
3407 is a prime number!
. . 
3413 is a prime number!
. . . . . . . . . 
3433 is a prime number!
. . . . . . . 
3449 is a prime number!
. . . 
3457 is a prime number!
. 
3461 is a prime number!

3463 is a prime number!
. 
3467 is a prime number!

3469 is a prime number!
. . . . . . . . . . 
3491 is a prime number!
. . . 
3499 is a prime number!
. . . . . 
3511 is a prime number!
. . 
3517 is a prime number!
. . . . 
3527 is a prime number!

3529 is a prime number!
. 
3533 is a prime number!
. . 
3539 is a prime number!

3541 is a prime number!
. . 
3547 is a prime number!
. . . . 
3557 is a prime number!

3559 is a prime number!
. . . . . 
3571 is a prime number!
. . . . 
3581 is a prime number!

3583 is a prime number!
. . . . 
3593 is a prime number!
. . . . . . 
3607 is a prime number!
. . 
3613 is a prime number!
. 
3617 is a prime number!
. . 
3623 is a prime number!
. . . 
3631 is a prime number!
. . 
3637 is a prime number!
. . 
3643 is a prime number!
. . . . . . . 
3659 is a prime number!
. . . . . 
3671 is a prime number!

3673 is a prime number!
. 
3677 is a prime number!
. . . . . . 
3691 is a prime number!
. . 
3697 is a prime number!
. 
3701 is a prime number!
. . . 
3709 is a prime number!
. . . . 
3719 is a prime number!
. . . 
3727 is a prime number!
. . 
3733 is a prime number!
. . 
3739 is a prime number!
. . . . . . . . . . 
3761 is a prime number!
. . 
3767 is a prime number!

3769 is a prime number!
. . . . 
3779 is a prime number!
. . . . . . 
3793 is a prime number!
. 
3797 is a prime number!
. . 
3803 is a prime number!
. . . . . . . . 
3821 is a prime number!

3823 is a prime number!
. . . . 
3833 is a prime number!
. . . . . . 
3847 is a prime number!
. 
3851 is a prime number!

3853 is a prime number!
. . . . 
3863 is a prime number!
. . . . . . 
3877 is a prime number!
. 
3881 is a prime number!
. . . 
3889 is a prime number!
. . . . . . . . 
3907 is a prime number!
. 
3911 is a prime number!
. . 
3917 is a prime number!

3919 is a prime number!
. 
3923 is a prime number!
. . 
3929 is a prime number!

3931 is a prime number!
. . . . . 
3943 is a prime number!
. 
3947 is a prime number!
. . . . . . . . . 
3967 is a prime number!
. . . . . . . . . . 
3989 is a prime number!
. . . . . 
4001 is a prime number!

4003 is a prime number!
. 
4007 is a prime number!
. . 
4013 is a prime number!
. . 
4019 is a prime number!

4021 is a prime number!
. . 
4027 is a prime number!
. . . . . . . . . . 
4049 is a prime number!

4051 is a prime number!
. . 
4057 is a prime number!
. . . . . . . 
4073 is a prime number!
. . 
4079 is a prime number!
. . . . . 
4091 is a prime number!

4093 is a prime number!
. . 
4099 is a prime number!
. . . . . 
4111 is a prime number!
. . . . . . . 
4127 is a prime number!

4129 is a prime number!
. 
4133 is a prime number!
. . 
4139 is a prime number!
. . . . . . 
4153 is a prime number!
. 
4157 is a prime number!

4159 is a prime number!
. . . . . . . . 
4177 is a prime number!
. . . . . . . . . . . 
4201 is a prime number!
. . . . 
4211 is a prime number!
. . 
4217 is a prime number!

4219 is a prime number!
. . . . 
4229 is a prime number!

4231 is a prime number!
. . . . 
4241 is a prime number!

4243 is a prime number!
. . . . 
4253 is a prime number!
. . 
4259 is a prime number!

4261 is a prime number!
. . . . 
4271 is a prime number!

4273 is a prime number!
. . . . 
4283 is a prime number!
. . 
4289 is a prime number!
. . . 
4297 is a prime number!
. . . . . . . . . . . . . . 
4327 is a prime number!
. . . . 
4337 is a prime number!

4339 is a prime number!
. . . . 
4349 is a prime number!
. . . 
4357 is a prime number!
. . 
4363 is a prime number!
. . . . 
4373 is a prime number!
. . . . . . . . 
4391 is a prime number!
. . 
4397 is a prime number!
. . . . . 
4409 is a prime number!
. . . . . 
4421 is a prime number!

4423 is a prime number!
. . . . . . . . 
4441 is a prime number!
. . 
4447 is a prime number!
. 
4451 is a prime number!
. . 
4457 is a prime number!
. . 
4463 is a prime number!
. . . . . . . . 
4481 is a prime number!

4483 is a prime number!
. . . . 
4493 is a prime number!
. . . . . . 
4507 is a prime number!
. . 
4513 is a prime number!
. 
4517 is a prime number!

4519 is a prime number!
. 
4523 is a prime number!
. . . . . . . . . . . 
4547 is a prime number!

4549 is a prime number!
. . . . . 
4561 is a prime number!
. . 
4567 is a prime number!
. . . . . . . 
4583 is a prime number!
. . . 
4591 is a prime number!
. . 
4597 is a prime number!
. . 
4603 is a prime number!
. . . . . . . . 
4621 is a prime number!
. . . . . . . 
4637 is a prime number!

4639 is a prime number!
. 
4643 is a prime number!
. . 
4649 is a prime number!

4651 is a prime number!
. . 
4657 is a prime number!
. . 
4663 is a prime number!
. . . . 
4673 is a prime number!
. . 
4679 is a prime number!
. . . . . 
4691 is a prime number!
. . . . . 
4703 is a prime number!
. . . . . . . . 
4721 is a prime number!

4723 is a prime number!
. . 
4729 is a prime number!
. 
4733 is a prime number!
. . . . . . . . 
4751 is a prime number!
. . . 
4759 is a prime number!
. . . . . . . . . . . 
4783 is a prime number!
. 
4787 is a prime number!

4789 is a prime number!
. 
4793 is a prime number!
. . 
4799 is a prime number!

4801 is a prime number!
. . . . . 
4813 is a prime number!
. 
4817 is a prime number!
. . . . . . 
4831 is a prime number!
. . . . . . . . . . . . . . 
4861 is a prime number!
. . . . 
4871 is a prime number!
. . 
4877 is a prime number!
. . . . . 
4889 is a prime number!
. . . . . . 
4903 is a prime number!
. . 
4909 is a prime number!
. . . . 
4919 is a prime number!
. . . . . 
4931 is a prime number!

4933 is a prime number!
. 
4937 is a prime number!
. . 
4943 is a prime number!
. . . 
4951 is a prime number!
. . 
4957 is a prime number!
. . . . 
4967 is a prime number!

4969 is a prime number!
. 
4973 is a prime number!
. . . . . . 
4987 is a prime number!
. . 
4993 is a prime number!
. . 
4999 is a prime number!
. 
5003 is a prime number!
. . 
5009 is a prime number!

5011 is a prime number!
. . . . 
5021 is a prime number!

5023 is a prime number!
. . . . . . . 
5039 is a prime number!
. . . . . 
5051 is a prime number!
. . . 
5059 is a prime number!
. . . . . . . . 
5077 is a prime number!
. 
5081 is a prime number!
. . 
5087 is a prime number!
. . . . . 
5099 is a prime number!

5101 is a prime number!
. . 
5107 is a prime number!
. . 
5113 is a prime number!
. . 
5119 is a prime number!
. . . . . . . . . . . . . 
5147 is a prime number!
. . 
5153 is a prime number!
. . . . . . 
5167 is a prime number!
. 
5171 is a prime number!
. . . 
5179 is a prime number!
. . . . 
5189 is a prime number!
. . . 
5197 is a prime number!
. . . . . 
5209 is a prime number!
. . . . . . . . 
5227 is a prime number!
. 
5231 is a prime number!

5233 is a prime number!
. 
5237 is a prime number!
. . . . . . . . . . . 
5261 is a prime number!
. . . . . 
5273 is a prime number!
. . 
5279 is a prime number!

5281 is a prime number!
. . . . . . . 
5297 is a prime number!
. . 
5303 is a prime number!
. . 
5309 is a prime number!
. . . . . . 
5323 is a prime number!
. . . . 
5333 is a prime number!
. . . . . . 
5347 is a prime number!
. 
5351 is a prime number!
. . . . . . . . . . . . . . 
5381 is a prime number!
. . 
5387 is a prime number!
. . 
5393 is a prime number!
. . 
5399 is a prime number!
. . . 
5407 is a prime number!
. . 
5413 is a prime number!
. 
5417 is a prime number!

5419 is a prime number!
. . . . . 
5431 is a prime number!
. . 
5437 is a prime number!
. 
5441 is a prime number!

5443 is a prime number!
. . 
5449 is a prime number!
. . . . . . . . . . 
5471 is a prime number!
. . 
5477 is a prime number!

5479 is a prime number!
. 
5483 is a prime number!
. . . . . . . . 
5501 is a prime number!

5503 is a prime number!
. 
5507 is a prime number!
. . . . . 
5519 is a prime number!

5521 is a prime number!
. . 
5527 is a prime number!
. 
5531 is a prime number!
. . . . . . . . . . . . 
5557 is a prime number!
. . 
5563 is a prime number!
. . 
5569 is a prime number!
. 
5573 is a prime number!
. . . 
5581 is a prime number!
. . . . 
5591 is a prime number!
. . . . . . . . . . . . . . . 
5623 is a prime number!
. . . . . . . 
5639 is a prime number!

5641 is a prime number!
. . 
5647 is a prime number!
. 
5651 is a prime number!

5653 is a prime number!
. 
5657 is a prime number!

5659 is a prime number!
. . . . 
5669 is a prime number!
. . . . . . 
5683 is a prime number!
. . 
5689 is a prime number!
. 
5693 is a prime number!
. . . 
5701 is a prime number!
. . . . 
5711 is a prime number!
. . 
5717 is a prime number!
. . . . . . . . . 
5737 is a prime number!
. 
5741 is a prime number!

5743 is a prime number!
. . 
5749 is a prime number!
. . . . . . . . . . . . . . 
5779 is a prime number!
. 
5783 is a prime number!
. . . 
5791 is a prime number!
. . . . 
5801 is a prime number!
. . 
5807 is a prime number!
. . 
5813 is a prime number!
. . . 
5821 is a prime number!
. . 
5827 is a prime number!
. . . . . 
5839 is a prime number!
. 
5843 is a prime number!
. . 
5849 is a prime number!

5851 is a prime number!
. . 
5857 is a prime number!
. 
5861 is a prime number!
. . 
5867 is a prime number!

5869 is a prime number!
. . . . 
5879 is a prime number!

5881 is a prime number!
. . . . . . . 
5897 is a prime number!
. . 
5903 is a prime number!
. . . . . . . . . 
5923 is a prime number!
. 
5927 is a prime number!
. . . . . 
5939 is a prime number!
. . . . . . 
5953 is a prime number!
. . . . . . . . . . . . . 
5981 is a prime number!
. . 
5987 is a prime number!
. . . . . . . . . 
6007 is a prime number!
. 
6011 is a prime number!
. . . . . . . . 
6029 is a prime number!
. . . 
6037 is a prime number!
. . 
6043 is a prime number!
. 
6047 is a prime number!
. . 
6053 is a prime number!
. . . . . . 
6067 is a prime number!
. . 
6073 is a prime number!
. . 
6079 is a prime number!
. . . . 
6089 is a prime number!

6091 is a prime number!
. . . . 
6101 is a prime number!
. . . . . 
6113 is a prime number!
. . . 
6121 is a prime number!
. . . . 
6131 is a prime number!

6133 is a prime number!
. . . . 
6143 is a prime number!
. . . 
6151 is a prime number!
. . . . . 
6163 is a prime number!
. . . . 
6173 is a prime number!
. . . . . . . . . . . 
6197 is a prime number!

6199 is a prime number!
. 
6203 is a prime number!
. . . 
6211 is a prime number!
. . 
6217 is a prime number!
. 
6221 is a prime number!
. . . 
6229 is a prime number!
. . . . . . . . 
6247 is a prime number!
. . . . 
6257 is a prime number!
. . 
6263 is a prime number!
. . 
6269 is a prime number!

6271 is a prime number!
. . 
6277 is a prime number!
. . . . 
6287 is a prime number!
. . . . . 
6299 is a prime number!

6301 is a prime number!
. . . . 
6311 is a prime number!
. . 
6317 is a prime number!
. . 
6323 is a prime number!
. . 
6329 is a prime number!
. . . 
6337 is a prime number!
. . 
6343 is a prime number!
. . . . 
6353 is a prime number!
. . 
6359 is a prime number!

6361 is a prime number!
. . 
6367 is a prime number!
. . 
6373 is a prime number!
. . 
6379 is a prime number!
. . . . 
6389 is a prime number!
. . . 
6397 is a prime number!
. . . . . . . . . . . 
6421 is a prime number!
. . 
6427 is a prime number!
. . . . . . . . . . 
6449 is a prime number!

6451 is a prime number!
. . . . . . . . 
6469 is a prime number!
. 
6473 is a prime number!
. . . 
6481 is a prime number!
. . . . 
6491 is a prime number!
. . . . . . . . . . . . . . 
6521 is a prime number!
. . . 
6529 is a prime number!
. . . . . . . . 
6547 is a prime number!
. 
6551 is a prime number!

6553 is a prime number!
. . . . 
6563 is a prime number!
. . 
6569 is a prime number!

6571 is a prime number!
. . 
6577 is a prime number!
. 
6581 is a prime number!
. . . . . . . . 
6599 is a prime number!
. . . 
6607 is a prime number!
. . . . . 
6619 is a prime number!
. . . . . . . . 
6637 is a prime number!
. . . . . . . 
6653 is a prime number!
. . 
6659 is a prime number!

6661 is a prime number!
. . . . . 
6673 is a prime number!
. . 
6679 is a prime number!
. . . . 
6689 is a prime number!

6691 is a prime number!
. . . . 
6701 is a prime number!

6703 is a prime number!
. . 
6709 is a prime number!
. . . . 
6719 is a prime number!
. . . . . . 
6733 is a prime number!
. 
6737 is a prime number!
. . . . . . . . . . . 
6761 is a prime number!

6763 is a prime number!
. . . . . . . 
6779 is a prime number!

6781 is a prime number!
. . . . 
6791 is a prime number!

6793 is a prime number!
. . . . 
6803 is a prime number!
. . . . . . . . . 
6823 is a prime number!
. 
6827 is a prime number!

6829 is a prime number!
. 
6833 is a prime number!
. . . 
6841 is a prime number!
. . . . . . . 
6857 is a prime number!
. . 
6863 is a prime number!
. . 
6869 is a prime number!

6871 is a prime number!
. . . . . 
6883 is a prime number!
. . . . . . . 
6899 is a prime number!
. . . 
6907 is a prime number!
. 
6911 is a prime number!
. . 
6917 is a prime number!
. . . . . . . . . . . . . . 
6947 is a prime number!

6949 is a prime number!
. . . . 
6959 is a prime number!

6961 is a prime number!
. . 
6967 is a prime number!
. 
6971 is a prime number!
. . 
6977 is a prime number!
. . 
6983 is a prime number!
. . . 
6991 is a prime number!
. . 
6997 is a prime number!
. 
7001 is a prime number!
. . . . . 
7013 is a prime number!
. . 
7019 is a prime number!
. . . 
7027 is a prime number!
. . . . . 
7039 is a prime number!
. 
7043 is a prime number!
. . . . . . 
7057 is a prime number!
. . . . . 
7069 is a prime number!
. . . . 
7079 is a prime number!
. . . . . . . . . . . 
7103 is a prime number!
. . 
7109 is a prime number!
. . . . . 
7121 is a prime number!
. . 
7127 is a prime number!

7129 is a prime number!
. . . . . . . . . . 
7151 is a prime number!
. . . 
7159 is a prime number!
. . . . . . . . 
7177 is a prime number!
. . . . 
7187 is a prime number!
. . 
7193 is a prime number!
. . . . . . 
7207 is a prime number!
. 
7211 is a prime number!

7213 is a prime number!
. . 
7219 is a prime number!
. . . . 
7229 is a prime number!
. . . 
7237 is a prime number!
. . 
7243 is a prime number!
. 
7247 is a prime number!
. . 
7253 is a prime number!
. . . . . . . . . . . . . . 
7283 is a prime number!
. . . . . . 
7297 is a prime number!
. . . . 
7307 is a prime number!

7309 is a prime number!
. . . . . 
7321 is a prime number!
. . . . 
7331 is a prime number!

7333 is a prime number!
. . . . . . . 
7349 is a prime number!

7351 is a prime number!
. . . . . . . . 
7369 is a prime number!
. . . . . . . . . . . 
7393 is a prime number!
. . . . . . . . 
7411 is a prime number!
. . 
7417 is a prime number!
. . . . . . . 
7433 is a prime number!
. . . . . . . . 
7451 is a prime number!
. . 
7457 is a prime number!

7459 is a prime number!
. . . . . . . . 
7477 is a prime number!
. 
7481 is a prime number!
. . 
7487 is a prime number!

7489 is a prime number!
. . . . 
7499 is a prime number!
. . . 
7507 is a prime number!
. . . . 
7517 is a prime number!
. . 
7523 is a prime number!
. . 
7529 is a prime number!
. . . 
7537 is a prime number!
. 
7541 is a prime number!
. . 
7547 is a prime number!

7549 is a prime number!
. . . . 
7559 is a prime number!

7561 is a prime number!
. . . . . 
7573 is a prime number!
. 
7577 is a prime number!
. . 
7583 is a prime number!
. . 
7589 is a prime number!

7591 is a prime number!
. . . . . 
7603 is a prime number!
. 
7607 is a prime number!
. . . . . . 
7621 is a prime number!
. . . . . . . . 
7639 is a prime number!
. 
7643 is a prime number!
. . 
7649 is a prime number!
. . . . . . . . . 
7669 is a prime number!
. 
7673 is a prime number!
. . . 
7681 is a prime number!
. . 
7687 is a prime number!
. 
7691 is a prime number!
. . . 
7699 is a prime number!
. 
7703 is a prime number!
. . . . . . 
7717 is a prime number!
. . 
7723 is a prime number!
. 
7727 is a prime number!
. . . . . . 
7741 is a prime number!
. . . . . 
7753 is a prime number!
. 
7757 is a prime number!

7759 is a prime number!
. . . . . . . . . . . . . . 
7789 is a prime number!
. 
7793 is a prime number!
. . . . . . . . . . . 
7817 is a prime number!
. . 
7823 is a prime number!
. . 
7829 is a prime number!
. . . . . 
7841 is a prime number!
. . . . . 
7853 is a prime number!
. . . . . . 
7867 is a prime number!
. . 
7873 is a prime number!
. 
7877 is a prime number!

7879 is a prime number!
. 
7883 is a prime number!
. . . . . . . . 
7901 is a prime number!
. . 
7907 is a prime number!
. . . . . 
7919 is a prime number!
. . . 
7927 is a prime number!
. . 
7933 is a prime number!
. 
7937 is a prime number!
. . . . . 
7949 is a prime number!

7951 is a prime number!
. . . . . 
7963 is a prime number!
. . . . . . . . . . . . . . 
7993 is a prime number!
. . . . . . . 
8009 is a prime number!

8011 is a prime number!
. . 
8017 is a prime number!
. . . . . . . . . . 
8039 is a prime number!
. . . . . . 
8053 is a prime number!
. . 
8059 is a prime number!
. . . . 
8069 is a prime number!
. . . . . 
8081 is a prime number!
. . 
8087 is a prime number!

8089 is a prime number!
. 
8093 is a prime number!
. . . 
8101 is a prime number!
. . . . 
8111 is a prime number!
. . 
8117 is a prime number!
. . 
8123 is a prime number!
. . . . . . . . . . . 
8147 is a prime number!
. . . . . . 
8161 is a prime number!
. . 
8167 is a prime number!
. 
8171 is a prime number!
. . . 
8179 is a prime number!
. . . . . 
8191 is a prime number!
. . . . . . . . 
8209 is a prime number!
. . . . 
8219 is a prime number!

8221 is a prime number!
. . . . 
8231 is a prime number!

8233 is a prime number!
. 
8237 is a prime number!
. . 
8243 is a prime number!
. . . . . . . . . 
8263 is a prime number!
. . 
8269 is a prime number!
. 
8273 is a prime number!
. . . . . . 
8287 is a prime number!
. 
8291 is a prime number!

8293 is a prime number!
. 
8297 is a prime number!
. . . . . . 
8311 is a prime number!
. . 
8317 is a prime number!
. . . . . 
8329 is a prime number!
. . . . . . . . . . . 
8353 is a prime number!
. . . . 
8363 is a prime number!
. . 
8369 is a prime number!
. . . 
8377 is a prime number!
. . . . 
8387 is a prime number!

8389 is a prime number!
. . . . . . . . . . . . . . 
8419 is a prime number!
. 
8423 is a prime number!
. . 
8429 is a prime number!

8431 is a prime number!
. . . . . 
8443 is a prime number!
. 
8447 is a prime number!
. . . . . . 
8461 is a prime number!
. . 
8467 is a prime number!
. . . . . . . . . . . . . . . . 
8501 is a prime number!
. . . . . 
8513 is a prime number!
. . . 
8521 is a prime number!
. . 
8527 is a prime number!
. . . . 
8537 is a prime number!

8539 is a prime number!
. 
8543 is a prime number!
. . . . . . . . . 
8563 is a prime number!
. . . . 
8573 is a prime number!
. . . 
8581 is a prime number!
. . . . . . . 
8597 is a prime number!

8599 is a prime number!
. . . . 
8609 is a prime number!
. . . . . . 
8623 is a prime number!
. 
8627 is a prime number!

8629 is a prime number!
. . . . . 
8641 is a prime number!
. . 
8647 is a prime number!
. . . . . . . 
8663 is a prime number!
. . 
8669 is a prime number!
. . . 
8677 is a prime number!
. 
8681 is a prime number!
. . . 
8689 is a prime number!
. 
8693 is a prime number!
. . 
8699 is a prime number!
. . . 
8707 is a prime number!
. . 
8713 is a prime number!
. . 
8719 is a prime number!
. . . . . 
8731 is a prime number!
. . 
8737 is a prime number!
. 
8741 is a prime number!
. . 
8747 is a prime number!
. . 
8753 is a prime number!
. . . 
8761 is a prime number!
. . . . . . . . 
8779 is a prime number!
. 
8783 is a prime number!
. . . . . . . . . 
8803 is a prime number!
. 
8807 is a prime number!
. . . . . 
8819 is a prime number!

8821 is a prime number!
. . . . 
8831 is a prime number!
. . 
8837 is a prime number!

8839 is a prime number!
. . . . 
8849 is a prime number!
. . . . . 
8861 is a prime number!

8863 is a prime number!
. 
8867 is a prime number!
. . . . . . . . . 
8887 is a prime number!
. . 
8893 is a prime number!
. . . . . . . . . . . . . . 
8923 is a prime number!
. . 
8929 is a prime number!
. 
8933 is a prime number!
. . . 
8941 is a prime number!
. . . . 
8951 is a prime number!
. . . . . 
8963 is a prime number!
. . 
8969 is a prime number!

8971 is a prime number!
. . . . . . . . . . . . . 
8999 is a prime number!

9001 is a prime number!
. . 
9007 is a prime number!
. 
9011 is a prime number!

9013 is a prime number!
. . . . . . . 
9029 is a prime number!
. . . . . 
9041 is a prime number!

9043 is a prime number!
. . 
9049 is a prime number!
. . . . 
9059 is a prime number!
. . . 
9067 is a prime number!
. . . . . . . . . . . 
9091 is a prime number!
. . . . . 
9103 is a prime number!
. . 
9109 is a prime number!
. . . . . . . . 
9127 is a prime number!
. . 
9133 is a prime number!
. 
9137 is a prime number!
. . . . . . 
9151 is a prime number!
. . 
9157 is a prime number!
. 
9161 is a prime number!
. . . . . 
9173 is a prime number!
. . . 
9181 is a prime number!
. . 
9187 is a prime number!
. . . . . 
9199 is a prime number!
. 
9203 is a prime number!
. . 
9209 is a prime number!
. . . . . 
9221 is a prime number!
. . 
9227 is a prime number!
. . . . . 
9239 is a prime number!

9241 is a prime number!
. . . . . . . 
9257 is a prime number!
. . . . . . . . . 
9277 is a prime number!
. 
9281 is a prime number!

9283 is a prime number!
. . . . 
9293 is a prime number!
. . . . . . . . 
9311 is a prime number!
. . . 
9319 is a prime number!
. 
9323 is a prime number!
. . . . . . 
9337 is a prime number!
. 
9341 is a prime number!

9343 is a prime number!
. . 
9349 is a prime number!
. . . . . . . . . . 
9371 is a prime number!
. . 
9377 is a prime number!
. . . . . . 
9391 is a prime number!
. . 
9397 is a prime number!
. . 
9403 is a prime number!
. . . . 
9413 is a prime number!
. . 
9419 is a prime number!

9421 is a prime number!
. . . . 
9431 is a prime number!

9433 is a prime number!
. 
9437 is a prime number!

9439 is a prime number!
. . . . . . . . . . 
9461 is a prime number!

9463 is a prime number!
. 
9467 is a prime number!
. . 
9473 is a prime number!
. . 
9479 is a prime number!
. . . . . 
9491 is a prime number!
. . 
9497 is a prime number!
. . . . . . 
9511 is a prime number!
. . . . 
9521 is a prime number!
. . . . . 
9533 is a prime number!
. . 
9539 is a prime number!
. . . 
9547 is a prime number!
. 
9551 is a prime number!
. . . . . . . . . . . . . . . . . 
9587 is a prime number!
. . . . . . 
9601 is a prime number!
. . . . . 
9613 is a prime number!
. . 
9619 is a prime number!
. 
9623 is a prime number!
. . 
9629 is a prime number!

9631 is a prime number!
. . . . . 
9643 is a prime number!
. . 
9649 is a prime number!
. . . . . 
9661 is a prime number!
. . . . . . . 
9677 is a prime number!

9679 is a prime number!
. . . . 
9689 is a prime number!
. . . 
9697 is a prime number!
. . . . . . . . . . 
9719 is a prime number!

9721 is a prime number!
. . . . . 
9733 is a prime number!
. . 
9739 is a prime number!
. 
9743 is a prime number!
. . 
9749 is a prime number!
. . . . . . . . 
9767 is a prime number!

9769 is a prime number!
. . . . . 
9781 is a prime number!
. . 
9787 is a prime number!
. 
9791 is a prime number!
. . . . . 
9803 is a prime number!
. . . 
9811 is a prime number!
. . 
9817 is a prime number!
. . . . . 
9829 is a prime number!
. 
9833 is a prime number!
. . 
9839 is a prime number!
. . . . . 
9851 is a prime number!
. . 
9857 is a prime number!

9859 is a prime number!
. . . . . 
9871 is a prime number!
. . . . . 
9883 is a prime number!
. 
9887 is a prime number!
. . . . . . 
9901 is a prime number!
. . 
9907 is a prime number!
. . . . . . . 
9923 is a prime number!
. . 
9929 is a prime number!

9931 is a prime number!
. . . . 
9941 is a prime number!
. . . 
9949 is a prime number!
. . . . . . . . 
9967 is a prime number!
. . 
9973 is a prime number!
. . . . . . . . . . . . . . . . 
10007 is a prime number!

10009 is a prime number!
. . . . . . . . . . . . . 
10037 is a prime number!

10039 is a prime number!
. . . . . . . . . . 
10061 is a prime number!
. . 
10067 is a prime number!

10069 is a prime number!
. . . . 
10079 is a prime number!
. . . . . 
10091 is a prime number!

10093 is a prime number!
. . 
10099 is a prime number!
. 
10103 is a prime number!
. . . 
10111 is a prime number!
. . . . . . . . . . 
10133 is a prime number!
. . 
10139 is a prime number!

10141 is a prime number!
. . . . 
10151 is a prime number!
. . . 
10159 is a prime number!
. 
10163 is a prime number!
. . 
10169 is a prime number!
. . . 
10177 is a prime number!
. 
10181 is a prime number!
. . . . . 
10193 is a prime number!
. . . . . . . . 
10211 is a prime number!
. . . . . 
10223 is a prime number!
. . . . . . . . . 
10243 is a prime number!
. 
10247 is a prime number!
. . 
10253 is a prime number!
. . 
10259 is a prime number!
. . . 
10267 is a prime number!
. 
10271 is a prime number!

10273 is a prime number!
. . . . . . . 
10289 is a prime number!
. . . . . 
10301 is a prime number!

10303 is a prime number!
. . . . 
10313 is a prime number!
. . . 
10321 is a prime number!
. . . . 
10331 is a prime number!

10333 is a prime number!
. 
10337 is a prime number!
. . 
10343 is a prime number!
. . . . . . 
10357 is a prime number!
. . . . . 
10369 is a prime number!
. . . . . . . . . . 
10391 is a prime number!
. . . 
10399 is a prime number!
. . . . . . . . . . . . . 
10427 is a prime number!

10429 is a prime number!
. 
10433 is a prime number!
. . . . . . . . . 
10453 is a prime number!
. 
10457 is a prime number!

10459 is a prime number!
. 
10463 is a prime number!
. . . . . . 
10477 is a prime number!
. . . . 
10487 is a prime number!
. . . . . 
10499 is a prime number!

10501 is a prime number!
. . . . . 
10513 is a prime number!
. . . . . . . 
10529 is a prime number!

10531 is a prime number!
. . . . . . . . . . . . . 
10559 is a prime number!
. . . 
10567 is a prime number!
. . . . . . . . . . 
10589 is a prime number!
. . . 
10597 is a prime number!
. 
10601 is a prime number!
. . 
10607 is a prime number!
. . 
10613 is a prime number!
. . . . . . 
10627 is a prime number!
. 
10631 is a prime number!
. . . 
10639 is a prime number!
. . . . . 
10651 is a prime number!
. . 
10657 is a prime number!
. . 
10663 is a prime number!
. 
10667 is a prime number!
. . . . . . . . . 
10687 is a prime number!
. 
10691 is a prime number!
. . . . . . . . 
10709 is a prime number!

10711 is a prime number!
. . . . . 
10723 is a prime number!
. . 
10729 is a prime number!
. 
10733 is a prime number!
. . 
10739 is a prime number!
. . . . . . 
10753 is a prime number!
. . . . . . . . 
10771 is a prime number!
. . . . 
10781 is a prime number!
. . . 
10789 is a prime number!
. . . . 
10799 is a prime number!
. . . . . . . . . . . . . . . 
10831 is a prime number!
. . 
10837 is a prime number!
. . . . 
10847 is a prime number!
. . 
10853 is a prime number!
. . 
10859 is a prime number!

10861 is a prime number!
. . 
10867 is a prime number!
. . . . . . . 
10883 is a prime number!
. . 
10889 is a prime number!

10891 is a prime number!
. . . . . 
10903 is a prime number!
. . 
10909 is a prime number!
. . . . . . . . . . . . . 
10937 is a prime number!

10939 is a prime number!
. . . . 
10949 is a prime number!
. . . 
10957 is a prime number!
. . . . . . . 
10973 is a prime number!
. . 
10979 is a prime number!
. . . 
10987 is a prime number!
. . 
10993 is a prime number!
. . . . 
11003 is a prime number!
. . . . . . . . . . . 
11027 is a prime number!
. . . . . . . . . 
11047 is a prime number!
. . . . 
11057 is a prime number!

11059 is a prime number!
. . . . 
11069 is a prime number!

11071 is a prime number!
. . . . . 
11083 is a prime number!
. 
11087 is a prime number!
. . 
11093 is a prime number!
. . . . . . . . . 
11113 is a prime number!
. 
11117 is a prime number!

11119 is a prime number!
. . . . . 
11131 is a prime number!
. . . . . . . . 
11149 is a prime number!
. . . . 
11159 is a prime number!

11161 is a prime number!
. . . . 
11171 is a prime number!

11173 is a prime number!
. 
11177 is a prime number!
. . . . . . . . . 
11197 is a prime number!
. . . . . . . 
11213 is a prime number!
. . . . . . . . . . . . 
11239 is a prime number!
. 
11243 is a prime number!
. . . 
11251 is a prime number!
. . 
11257 is a prime number!
. 
11261 is a prime number!
. . . . . 
11273 is a prime number!
. . 
11279 is a prime number!
. . . 
11287 is a prime number!
. . . . . 
11299 is a prime number!
. . . . . 
11311 is a prime number!
. . 
11317 is a prime number!
. 
11321 is a prime number!
. . . 
11329 is a prime number!
. . . . . . . . . . 
11351 is a prime number!

11353 is a prime number!
. . . . . . . 
11369 is a prime number!
. . . . . . 
11383 is a prime number!
. . . . 
11393 is a prime number!
. . 
11399 is a prime number!
. . . . . 
11411 is a prime number!
. . . . . 
11423 is a prime number!
. . . . . . 
11437 is a prime number!
. . 
11443 is a prime number!
. 
11447 is a prime number!
. . . . . . . . . 
11467 is a prime number!
. 
11471 is a prime number!
. . . . . 
11483 is a prime number!
. . 
11489 is a prime number!

11491 is a prime number!
. . 
11497 is a prime number!
. . 
11503 is a prime number!
. . . . . . . 
11519 is a prime number!
. . . 
11527 is a prime number!
. . . . . . . . . . 
11549 is a prime number!

11551 is a prime number!
. . . . . . . . . . . . . 
11579 is a prime number!
. . . 
11587 is a prime number!
. . 
11593 is a prime number!
. 
11597 is a prime number!
. . . . . . . . . 
11617 is a prime number!
. 
11621 is a prime number!
. . . . . 
11633 is a prime number!
. . . . . . . . . . . 
11657 is a prime number!
. . . . . . . . . 
11677 is a prime number!
. 
11681 is a prime number!
. . . 
11689 is a prime number!
. . . . 
11699 is a prime number!

11701 is a prime number!
. . . . . . . 
11717 is a prime number!

11719 is a prime number!
. . . . . 
11731 is a prime number!
. . . . . 
11743 is a prime number!
. . . . . . . . . . . . . . . . 
11777 is a prime number!

11779 is a prime number!
. 
11783 is a prime number!
. . 
11789 is a prime number!
. . . . . 
11801 is a prime number!
. . 
11807 is a prime number!
. . 
11813 is a prime number!
. . . 
11821 is a prime number!
. . 
11827 is a prime number!
. 
11831 is a prime number!

11833 is a prime number!
. . 
11839 is a prime number!
. . . . . . . . . . . 
11863 is a prime number!
. 
11867 is a prime number!
. . . . . . . . . 
11887 is a prime number!
. . . . 
11897 is a prime number!
. . 
11903 is a prime number!
. . 
11909 is a prime number!
. . . . . . 
11923 is a prime number!
. 
11927 is a prime number!
. . 
11933 is a prime number!
. . 
11939 is a prime number!

11941 is a prime number!
. . . . . 
11953 is a prime number!
. . 
11959 is a prime number!
. . . . 
11969 is a prime number!

11971 is a prime number!
. . . . 
11981 is a prime number!
. . 
11987 is a prime number!
. . . . . . . . . 
12007 is a prime number!
. 
12011 is a prime number!
. . . . . . . . . . . . 
12037 is a prime number!
. 
12041 is a prime number!

12043 is a prime number!
. . 
12049 is a prime number!
. . . . . . . . . . 
12071 is a prime number!

12073 is a prime number!
. . . . . . . . . . . 
12097 is a prime number!
. 
12101 is a prime number!
. . 
12107 is a prime number!

12109 is a prime number!
. 
12113 is a prime number!
. . 
12119 is a prime number!
. . . . . . . . . . . 
12143 is a prime number!
. . 
12149 is a prime number!
. . . 
12157 is a prime number!
. 
12161 is a prime number!

12163 is a prime number!
. . . . . . . . . . . . . . . . 
12197 is a prime number!
. . 
12203 is a prime number!
. . . 
12211 is a prime number!
. . . . . . . 
12227 is a prime number!
. . . . . 
12239 is a prime number!

12241 is a prime number!
. . . . 
12251 is a prime number!

12253 is a prime number!
. . . . 
12263 is a prime number!
. . 
12269 is a prime number!
. . . 
12277 is a prime number!
. 
12281 is a prime number!
. . . 
12289 is a prime number!
. . . . . 
12301 is a prime number!
. . . . . . . . . . 
12323 is a prime number!
. . 
12329 is a prime number!
. . . . . . 
12343 is a prime number!
. 
12347 is a prime number!
. . . . . . . . . . . . 
12373 is a prime number!
. 
12377 is a prime number!

12379 is a prime number!
. . . . . 
12391 is a prime number!
. . . . 
12401 is a prime number!
. . . 
12409 is a prime number!
. 
12413 is a prime number!
. . . 
12421 is a prime number!
. . . . . 
12433 is a prime number!
. 
12437 is a prime number!
. . . . . . 
12451 is a prime number!
. . 
12457 is a prime number!
. . . . . . . 
12473 is a prime number!
. . 
12479 is a prime number!
. . . 
12487 is a prime number!
. 
12491 is a prime number!
. . 
12497 is a prime number!
. . 
12503 is a prime number!
. . . 
12511 is a prime number!
. . 
12517 is a prime number!
. . . . 
12527 is a prime number!
. . . . . 
12539 is a prime number!

12541 is a prime number!
. . 
12547 is a prime number!
. . 
12553 is a prime number!
. . . . . . . 
12569 is a prime number!
. . . 
12577 is a prime number!
. . 
12583 is a prime number!
. . 
12589 is a prime number!
. . . . . 
12601 is a prime number!
. . . . 
12611 is a prime number!

12613 is a prime number!
. . 
12619 is a prime number!
. . . . . . . . 
12637 is a prime number!
. 
12641 is a prime number!
. . 
12647 is a prime number!
. . 
12653 is a prime number!
. . 
12659 is a prime number!
. . . . . 
12671 is a prime number!
. . . . . . . . 
12689 is a prime number!
. . . 
12697 is a prime number!
. . 
12703 is a prime number!
. . . . 
12713 is a prime number!
. . . 
12721 is a prime number!
. . . . . . . . 
12739 is a prime number!
. 
12743 is a prime number!
. . . . . . 
12757 is a prime number!
. . 
12763 is a prime number!
. . . . . . . . 
12781 is a prime number!
. . . . 
12791 is a prime number!
. . . 
12799 is a prime number!
. . . . 
12809 is a prime number!
. . . . . 
12821 is a prime number!

12823 is a prime number!
. . 
12829 is a prime number!
. . . . . 
12841 is a prime number!
. . . . . 
12853 is a prime number!
. . . . . . . . . . . . . . . . . 
12889 is a prime number!
. 
12893 is a prime number!
. . 
12899 is a prime number!
. . . 
12907 is a prime number!
. 
12911 is a prime number!
. . 
12917 is a prime number!

12919 is a prime number!
. 
12923 is a prime number!
. . . . . . . . 
12941 is a prime number!
. . . . . 
12953 is a prime number!
. . 
12959 is a prime number!
. . . 
12967 is a prime number!
. . 
12973 is a prime number!
. . 
12979 is a prime number!
. 
12983 is a prime number!
. . . . . . . . 
13001 is a prime number!

13003 is a prime number!
. 
13007 is a prime number!

13009 is a prime number!
. . . . . . . . . . . 
13033 is a prime number!
. 
13037 is a prime number!
. . 
13043 is a prime number!
. . 
13049 is a prime number!
. . . . . . 
13063 is a prime number!
. . . . . . . . . . . . . . 
13093 is a prime number!
. . 
13099 is a prime number!
. 
13103 is a prime number!
. . 
13109 is a prime number!
. . . . . 
13121 is a prime number!
. . 
13127 is a prime number!
. . . . . . . . . 
13147 is a prime number!
. 
13151 is a prime number!
. . . 
13159 is a prime number!
. 
13163 is a prime number!
. . . 
13171 is a prime number!
. . 
13177 is a prime number!
. . 
13183 is a prime number!
. 
13187 is a prime number!
. . . . . . . . . . . . . . 
13217 is a prime number!

13219 is a prime number!
. . . . 
13229 is a prime number!
. . . . . 
13241 is a prime number!
. . . 
13249 is a prime number!
. . . . 
13259 is a prime number!
. . . 
13267 is a prime number!
. . . . . . . . . . . 
13291 is a prime number!
. . 
13297 is a prime number!
. . . . . 
13309 is a prime number!
. 
13313 is a prime number!
. . . . . . 
13327 is a prime number!
. 
13331 is a prime number!
. . 
13337 is a prime number!

13339 is a prime number!
. . . . . . . . . . . . . 
13367 is a prime number!
. . . . . . 
13381 is a prime number!
. . . . . . . 
13397 is a prime number!

13399 is a prime number!
. . . . . 
13411 is a prime number!
. . 
13417 is a prime number!
. 
13421 is a prime number!
. . . . . . . . . 
13441 is a prime number!
. . . . 
13451 is a prime number!
. . 
13457 is a prime number!
. . 
13463 is a prime number!
. . 
13469 is a prime number!
. . . 
13477 is a prime number!
. . . . 
13487 is a prime number!
. . . . . 
13499 is a prime number!
. . . . . . 
13513 is a prime number!
. . . . 
13523 is a prime number!
. . . . . . 
13537 is a prime number!
. . . . . . . 
13553 is a prime number!
. . . . . . 
13567 is a prime number!
. . . . 
13577 is a prime number!
. . . . . . 
13591 is a prime number!
. . 
13597 is a prime number!
. . . . . . . 
13613 is a prime number!
. . 
13619 is a prime number!
. . . 
13627 is a prime number!
. . 
13633 is a prime number!
. . . . . . . 
13649 is a prime number!
. . . . . . . . . 
13669 is a prime number!
. . . . 
13679 is a prime number!

13681 is a prime number!
. . 
13687 is a prime number!
. 
13691 is a prime number!

13693 is a prime number!
. 
13697 is a prime number!
. . . . . 
13709 is a prime number!

13711 is a prime number!
. . . . 
13721 is a prime number!

13723 is a prime number!
. . 
13729 is a prime number!
. . . . . . . . . . 
13751 is a prime number!
. . 
13757 is a prime number!

13759 is a prime number!
. 
13763 is a prime number!
. . . . . . . . 
13781 is a prime number!
. . . 
13789 is a prime number!
. . . . 
13799 is a prime number!
. . . 
13807 is a prime number!
. . . . . . . . . . 
13829 is a prime number!

13831 is a prime number!
. . . . 
13841 is a prime number!
. . . . . . . . 
13859 is a prime number!
. . . . . . 
13873 is a prime number!
. 
13877 is a prime number!

13879 is a prime number!
. 
13883 is a prime number!
. . . . . . . . 
13901 is a prime number!

13903 is a prime number!
. 
13907 is a prime number!
. . 
13913 is a prime number!
. . . 
13921 is a prime number!
. . . . 
13931 is a prime number!

13933 is a prime number!
. . . . . . . . . . . . . . 
13963 is a prime number!
. 
13967 is a prime number!
. . . . . . . . . . . . . . 
13997 is a prime number!

13999 is a prime number!
. . . . 
14009 is a prime number!

14011 is a prime number!
. . . . . . . . 
14029 is a prime number!
. 
14033 is a prime number!
. . . . . . . . 
14051 is a prime number!
. . 
14057 is a prime number!
. . . . . . 
14071 is a prime number!
. . . . 
14081 is a prime number!

14083 is a prime number!
. 
14087 is a prime number!
. . . . . . . . . 
14107 is a prime number!
. . . . . . . . . . . . . . . . . 
14143 is a prime number!
. . 
14149 is a prime number!
. 
14153 is a prime number!
. . 
14159 is a prime number!
. . . . . . 
14173 is a prime number!
. 
14177 is a prime number!
. . . . . . . . . 
14197 is a prime number!
. . . . 
14207 is a prime number!
. . . . . . 
14221 is a prime number!
. . . . . . . . . . 
14243 is a prime number!
. . 
14249 is a prime number!

14251 is a prime number!
. . . . . . . . . . . . . . 
14281 is a prime number!
. . . . . 
14293 is a prime number!
. . . . 
14303 is a prime number!
. . . . . . . . 
14321 is a prime number!

14323 is a prime number!
. 
14327 is a prime number!
. . . . . . 
14341 is a prime number!
. . 
14347 is a prime number!
. . . . . . . . . . 
14369 is a prime number!
. . . . . . . . 
14387 is a prime number!

14389 is a prime number!
. . . . . 
14401 is a prime number!
. . 
14407 is a prime number!
. 
14411 is a prime number!
. . . 
14419 is a prime number!
. 
14423 is a prime number!
. . . 
14431 is a prime number!
. . 
14437 is a prime number!
. . . . 
14447 is a prime number!

14449 is a prime number!
. . . . . 
14461 is a prime number!
. . . . . . . . 
14479 is a prime number!
. . . . 
14489 is a prime number!
. . . . . . 
14503 is a prime number!
. . . . . . . 
14519 is a prime number!
. . . . . . 
14533 is a prime number!
. 
14537 is a prime number!
. . 
14543 is a prime number!
. . 
14549 is a prime number!

14551 is a prime number!
. . 
14557 is a prime number!
. 
14561 is a prime number!

14563 is a prime number!
. . . . . . . . . . . . . 
14591 is a prime number!

14593 is a prime number!
. . . . . . . . . . . . . 
14621 is a prime number!
. . 
14627 is a prime number!

14629 is a prime number!
. 
14633 is a prime number!
. . 
14639 is a prime number!
. . . . . . 
14653 is a prime number!
. 
14657 is a prime number!
. . . . . 
14669 is a prime number!
. . . . . . 
14683 is a prime number!
. . . . . . . 
14699 is a prime number!
. . . . . . 
14713 is a prime number!
. 
14717 is a prime number!
. . 
14723 is a prime number!
. . . 
14731 is a prime number!
. . 
14737 is a prime number!
. 
14741 is a prime number!
. . 
14747 is a prime number!
. . 
14753 is a prime number!
. . 
14759 is a prime number!
. . . 
14767 is a prime number!
. 
14771 is a prime number!
. . . 
14779 is a prime number!
. 
14783 is a prime number!
. . . . . . 
14797 is a prime number!
. . . . . . . 
14813 is a prime number!
. . . 
14821 is a prime number!
. . 
14827 is a prime number!
. 
14831 is a prime number!
. . . . . 
14843 is a prime number!
. . . 
14851 is a prime number!
. . . . . . . 
14867 is a prime number!

14869 is a prime number!
. . . . 
14879 is a prime number!
. . . 
14887 is a prime number!
. 
14891 is a prime number!
. . 
14897 is a prime number!
. . . . . . . . . . . . 
14923 is a prime number!
. . 
14929 is a prime number!
. . . . 
14939 is a prime number!
. . . 
14947 is a prime number!
. 
14951 is a prime number!
. . 
14957 is a prime number!
. . . . . 
14969 is a prime number!
. . . . . . 
14983 is a prime number!
. . . . . . . . . . . . . . 
15013 is a prime number!
. 
15017 is a prime number!
. . . . . . 
15031 is a prime number!
. . . . . . . . . . 
15053 is a prime number!
. . . 
15061 is a prime number!
. . . . . 
15073 is a prime number!
. 
15077 is a prime number!
. . 
15083 is a prime number!
. . . 
15091 is a prime number!
. . . . 
15101 is a prime number!
. . 
15107 is a prime number!
. . . . . . 
15121 is a prime number!
. . . . 
15131 is a prime number!
. . 
15137 is a prime number!

15139 is a prime number!
. . . . 
15149 is a prime number!
. . . . . 
15161 is a prime number!
. . . . . 
15173 is a prime number!
. . . . . . 
15187 is a prime number!
. . 
15193 is a prime number!
. . 
15199 is a prime number!
. . . . . . . . 
15217 is a prime number!
. . . . 
15227 is a prime number!
. . 
15233 is a prime number!
. . . 
15241 is a prime number!
. . . . . . . . 
15259 is a prime number!
. 
15263 is a prime number!
. . 
15269 is a prime number!

15271 is a prime number!
. . 
15277 is a prime number!
. . . . 
15287 is a prime number!

15289 is a prime number!
. . . . 
15299 is a prime number!
. . . 
15307 is a prime number!
. . 
15313 is a prime number!
. . 
15319 is a prime number!
. . . . 
15329 is a prime number!

15331 is a prime number!
. . . . . . . . 
15349 is a prime number!
. . . . 
15359 is a prime number!

15361 is a prime number!
. . . . . 
15373 is a prime number!
. 
15377 is a prime number!
. . 
15383 is a prime number!
. . . 
15391 is a prime number!
. . . . 
15401 is a prime number!
. . . . . 
15413 is a prime number!
. . . . . . 
15427 is a prime number!
. . . . . 
15439 is a prime number!
. 
15443 is a prime number!
. . . 
15451 is a prime number!
. . . . 
15461 is a prime number!
. . 
15467 is a prime number!
. . 
15473 is a prime number!
. . . . . . . . . 
15493 is a prime number!
. 
15497 is a prime number!
. . . . . . 
15511 is a prime number!
. . . . . . . 
15527 is a prime number!
. . . . . . 
15541 is a prime number!
. . . . 
15551 is a prime number!
. . . 
15559 is a prime number!
. . . . 
15569 is a prime number!
. . . . . 
15581 is a prime number!

15583 is a prime number!
. . . . . . . . 
15601 is a prime number!
. . 
15607 is a prime number!
. . . . . 
15619 is a prime number!
. . . . 
15629 is a prime number!
. . . . . 
15641 is a prime number!

15643 is a prime number!
. 
15647 is a prime number!

15649 is a prime number!
. . . . . 
15661 is a prime number!
. . 
15667 is a prime number!
. 
15671 is a prime number!
. . . 
15679 is a prime number!
. 
15683 is a prime number!
. . . . . . . . . . . . . . . . . . . . . 
15727 is a prime number!
. 
15731 is a prime number!

15733 is a prime number!
. 
15737 is a prime number!

15739 is a prime number!
. . . . 
15749 is a prime number!
. . . . . 
15761 is a prime number!
. . 
15767 is a prime number!
. . 
15773 is a prime number!
. . . . . . 
15787 is a prime number!
. 
15791 is a prime number!
. . 
15797 is a prime number!
. . 
15803 is a prime number!
. . 
15809 is a prime number!
. . . 
15817 is a prime number!
. . 
15823 is a prime number!
. . . . . . . . . . . . . . . . . 
15859 is a prime number!
. . . . . . . . 
15877 is a prime number!
. 
15881 is a prime number!
. . 
15887 is a prime number!

15889 is a prime number!
. . . . . 
15901 is a prime number!
. . 
15907 is a prime number!
. . 
15913 is a prime number!
. . 
15919 is a prime number!
. 
15923 is a prime number!
. . . . . . 
15937 is a prime number!
. . . . . . . . . . 
15959 is a prime number!
. . . . . 
15971 is a prime number!

15973 is a prime number!
. . . . . . . . 
15991 is a prime number!
. . . . 
16001 is a prime number!
. . 
16007 is a prime number!
. . . . . . . . . . . . 
16033 is a prime number!
. . . . . . . . . . . 
16057 is a prime number!
. 
16061 is a prime number!

16063 is a prime number!
. 
16067 is a prime number!

16069 is a prime number!
. 
16073 is a prime number!
. . . . . . 
16087 is a prime number!
. 
16091 is a prime number!
. . 
16097 is a prime number!
. . 
16103 is a prime number!
. . . 
16111 is a prime number!
. . . . . . . 
16127 is a prime number!
. . . . . 
16139 is a prime number!

16141 is a prime number!
. . . . . . . . . . . . . . . . . . . . 
16183 is a prime number!
. 
16187 is a prime number!

16189 is a prime number!
. 
16193 is a prime number!
. . . . . . . . . . . 
16217 is a prime number!
. . 
16223 is a prime number!
. . 
16229 is a prime number!

16231 is a prime number!
. . . . . . . . 
16249 is a prime number!
. 
16253 is a prime number!
. . . . . . 
16267 is a prime number!
. . 
16273 is a prime number!
. . . . . . . . . . . . . 
16301 is a prime number!
. . . . . . . . 
16319 is a prime number!
. . . . . . 
16333 is a prime number!
. . 
16339 is a prime number!
. . . . 
16349 is a prime number!
. . . . . 
16361 is a prime number!

16363 is a prime number!
. . 
16369 is a prime number!
. . . . . 
16381 is a prime number!
. . . . . . . . . . . . . . 
16411 is a prime number!
. . 
16417 is a prime number!
. 
16421 is a prime number!
. . 
16427 is a prime number!
. . 
16433 is a prime number!
. . . . . . 
16447 is a prime number!
. 
16451 is a prime number!

16453 is a prime number!
. . . . . . . . . . . 
16477 is a prime number!
. 
16481 is a prime number!
. . 
16487 is a prime number!
. . 
16493 is a prime number!
. . . . . . . . . . . . 
16519 is a prime number!
. . . . 
16529 is a prime number!
. . . . . . . . 
16547 is a prime number!
. . 
16553 is a prime number!
. . . 
16561 is a prime number!
. . 
16567 is a prime number!
. . 
16573 is a prime number!
. . . . . . . . . . . . . . 
16603 is a prime number!
. 
16607 is a prime number!
. . . . . 
16619 is a prime number!
. . . . . 
16631 is a prime number!

16633 is a prime number!
. . . . . . . 
16649 is a prime number!

16651 is a prime number!
. . 
16657 is a prime number!
. 
16661 is a prime number!
. . . . . 
16673 is a prime number!
. . . . . . . . 
16691 is a prime number!

16693 is a prime number!
. . 
16699 is a prime number!
. 
16703 is a prime number!
. . . . . . . . . . . . 
16729 is a prime number!
. . . . . 
16741 is a prime number!
. . 
16747 is a prime number!
. . . . . 
16759 is a prime number!
. 
16763 is a prime number!
. . . . . . . . . . . 
16787 is a prime number!
. . . . . . . . . . . 
16811 is a prime number!
. . . . . 
16823 is a prime number!
. . 
16829 is a prime number!

16831 is a prime number!
. . . . . 
16843 is a prime number!
. . . . . . . . . . . . . 
16871 is a prime number!
. . . 
16879 is a prime number!
. 
16883 is a prime number!
. . 
16889 is a prime number!
. . . . . 
16901 is a prime number!

16903 is a prime number!
. . . . . . . . 
16921 is a prime number!
. . 
16927 is a prime number!
. 
16931 is a prime number!
. . 
16937 is a prime number!
. . 
16943 is a prime number!
. . . . . . . . . 
16963 is a prime number!
. . . . . . . 
16979 is a prime number!

16981 is a prime number!
. . 
16987 is a prime number!
. . 
16993 is a prime number!
. . . . . . . . 
17011 is a prime number!
. . . . 
17021 is a prime number!
. . 
17027 is a prime number!

17029 is a prime number!
. 
17033 is a prime number!
. . . 
17041 is a prime number!
. . 
17047 is a prime number!
. . 
17053 is a prime number!
. . . . . . . . . . . 
17077 is a prime number!
. . . . . . . 
17093 is a prime number!
. . 
17099 is a prime number!
. . . 
17107 is a prime number!
. . . . 
17117 is a prime number!
. . 
17123 is a prime number!
. . . . . . 
17137 is a prime number!
. . . . . . . . . . 
17159 is a prime number!
. . . 
17167 is a prime number!
. . . . . . . 
17183 is a prime number!
. . 
17189 is a prime number!

17191 is a prime number!
. . . . . 
17203 is a prime number!
. 
17207 is a prime number!

17209 is a prime number!
. . . . . . . . . . 
17231 is a prime number!
. . . 
17239 is a prime number!
. . . . . . . . 
17257 is a prime number!
. . . . . . . . . . . . . . . . 
17291 is a prime number!

17293 is a prime number!
. . 
17299 is a prime number!
. . . . . . . . 
17317 is a prime number!
. 
17321 is a prime number!
. . 
17327 is a prime number!
. . 
17333 is a prime number!
. . . 
17341 is a prime number!
. . . . 
17351 is a prime number!
. . . 
17359 is a prime number!
. . . . . . . . 
17377 is a prime number!
. . 
17383 is a prime number!
. 
17387 is a prime number!

17389 is a prime number!
. 
17393 is a prime number!
. . . 
17401 is a prime number!
. . . . . . . 
17417 is a prime number!

17419 is a prime number!
. . . . . 
17431 is a prime number!
. . . . . 
17443 is a prime number!
. . 
17449 is a prime number!
. . . . . . . . 
17467 is a prime number!
. 
17471 is a prime number!
. . 
17477 is a prime number!
. . 
17483 is a prime number!
. . 
17489 is a prime number!

17491 is a prime number!
. . 
17497 is a prime number!
. . . . . 
17509 is a prime number!
. . . . 
17519 is a prime number!
. . . . . . . . . 
17539 is a prime number!
. . . . . 
17551 is a prime number!
. . . . . . . . 
17569 is a prime number!
. 
17573 is a prime number!
. . 
17579 is a prime number!

17581 is a prime number!
. . . . . . . 
17597 is a prime number!

17599 is a prime number!
. . . . 
17609 is a prime number!
. . . . . . 
17623 is a prime number!
. 
17627 is a prime number!
. . . . . . . . . . . . . . 
17657 is a prime number!

17659 is a prime number!
. . . . 
17669 is a prime number!
. . . . . 
17681 is a prime number!

17683 is a prime number!
. . . . . . . . . . . 
17707 is a prime number!
. . 
17713 is a prime number!
. . . . . . . 
17729 is a prime number!
. . . 
17737 is a prime number!
. . . . 
17747 is a prime number!

17749 is a prime number!
. . . . . 
17761 is a prime number!
. . . . . . . . . . 
17783 is a prime number!
. . 
17789 is a prime number!

17791 is a prime number!
. . . . . . . 
17807 is a prime number!
. . . . . . . . . 
17827 is a prime number!
. . . . 
17837 is a prime number!

17839 is a prime number!
. . . . . 
17851 is a prime number!
. . . . . 
17863 is a prime number!
. . . . . . . . 
17881 is a prime number!
. . . . 
17891 is a prime number!
. . . . . 
17903 is a prime number!
. . 
17909 is a prime number!

17911 is a prime number!
. . . . 
17921 is a prime number!

17923 is a prime number!
. . 
17929 is a prime number!
. . . . 
17939 is a prime number!
. . . . . . . . 
17957 is a prime number!

17959 is a prime number!
. . . . . 
17971 is a prime number!
. . 
17977 is a prime number!
. 
17981 is a prime number!
. . 
17987 is a prime number!

17989 is a prime number!
. . . . . . . . . . . 
18013 is a prime number!
. . . . . . . . . . . . . 
18041 is a prime number!

18043 is a prime number!
. 
18047 is a prime number!

18049 is a prime number!
. . . . 
18059 is a prime number!

18061 is a prime number!
. . . . . . . 
18077 is a prime number!
. . . . . 
18089 is a prime number!
. . . 
18097 is a prime number!
. . . . . . . . . . 
18119 is a prime number!

18121 is a prime number!
. . 
18127 is a prime number!
. 
18131 is a prime number!

18133 is a prime number!
. . . . 
18143 is a prime number!
. . 
18149 is a prime number!
. . . . . . . . . 
18169 is a prime number!
. . . . . 
18181 is a prime number!
. . . . 
18191 is a prime number!
. . . 
18199 is a prime number!
. . . . . 
18211 is a prime number!
. . 
18217 is a prime number!
. . 
18223 is a prime number!
. . 
18229 is a prime number!
. 
18233 is a prime number!
. . . . . . . . 
18251 is a prime number!

18253 is a prime number!
. 
18257 is a prime number!
. . . . . 
18269 is a prime number!
. . . . . . . . 
18287 is a prime number!

18289 is a prime number!
. . . . . 
18301 is a prime number!
. . 
18307 is a prime number!
. 
18311 is a prime number!

18313 is a prime number!
. . . . . . . 
18329 is a prime number!
. . . . . 
18341 is a prime number!
. . . . . 
18353 is a prime number!
. . . . . . 
18367 is a prime number!
. 
18371 is a prime number!
. . . 
18379 is a prime number!
. . . . . . . . 
18397 is a prime number!
. 
18401 is a prime number!
. . . . . 
18413 is a prime number!
. . . . . . 
18427 is a prime number!
. . 
18433 is a prime number!
. . 
18439 is a prime number!
. 
18443 is a prime number!
. . . 
18451 is a prime number!
. . 
18457 is a prime number!
. 
18461 is a prime number!
. . . . . . . . . 
18481 is a prime number!
. . . . . 
18493 is a prime number!
. . . . 
18503 is a prime number!
. . . . . . 
18517 is a prime number!
. 
18521 is a prime number!

18523 is a prime number!
. . . . . . . 
18539 is a prime number!

18541 is a prime number!
. . . . . 
18553 is a prime number!
. . . . . . . . . . . . . . 
18583 is a prime number!
. 
18587 is a prime number!
. . 
18593 is a prime number!
. . . . . . . . . . . 
18617 is a prime number!
. . . . . . . . . 
18637 is a prime number!
. . . . . . . . . . . 
18661 is a prime number!
. . . . 
18671 is a prime number!
. . . 
18679 is a prime number!
. . . . . 
18691 is a prime number!
. . . . 
18701 is a prime number!
. . . . . 
18713 is a prime number!
. . 
18719 is a prime number!
. . . . . 
18731 is a prime number!
. . . . . 
18743 is a prime number!
. . 
18749 is a prime number!
. . . 
18757 is a prime number!
. . . . . . . 
18773 is a prime number!
. . . . . . 
18787 is a prime number!
. . 
18793 is a prime number!
. 
18797 is a prime number!
. . 
18803 is a prime number!
. . . . . . . . . . . . . . . . . 
18839 is a prime number!
. . . . . . . . . 
18859 is a prime number!
. . . . 
18869 is a prime number!
. . . . . . . . . . . . . . 
18899 is a prime number!
. . . . . 
18911 is a prime number!

18913 is a prime number!
. 
18917 is a prime number!

18919 is a prime number!
. . . . . . . . . . . . . 
18947 is a prime number!
. . . . . 
18959 is a prime number!
. . . . . . 
18973 is a prime number!
. . 
18979 is a prime number!
. . . . . . . . . . 
19001 is a prime number!
. . . 
19009 is a prime number!
. 
19013 is a prime number!
. . . . . . . . 
19031 is a prime number!
. . 
19037 is a prime number!
. . . . . . 
19051 is a prime number!
. . . . . . . . 
19069 is a prime number!
. 
19073 is a prime number!
. . 
19079 is a prime number!

19081 is a prime number!
. . 
19087 is a prime number!
. . . . . . . . . . . . . . . . 
19121 is a prime number!
. . . . . . . . 
19139 is a prime number!

19141 is a prime number!
. . . . . . . 
19157 is a prime number!
. . 
19163 is a prime number!
. . . . . . . . 
19181 is a prime number!

19183 is a prime number!
. . . . . . . . . . . 
19207 is a prime number!
. 
19211 is a prime number!

19213 is a prime number!
. . 
19219 is a prime number!
. . . . . 
19231 is a prime number!
. . 
19237 is a prime number!
. . . . . 
19249 is a prime number!
. . . . 
19259 is a prime number!
. . . 
19267 is a prime number!
. . 
19273 is a prime number!
. . . . . . . 
19289 is a prime number!
. . . . . 
19301 is a prime number!
. . . 
19309 is a prime number!
. . . . 
19319 is a prime number!
. . . . . . 
19333 is a prime number!
. . . . . . . . . . . . . . . . . . . 
19373 is a prime number!
. . 
19379 is a prime number!

19381 is a prime number!
. . 
19387 is a prime number!
. 
19391 is a prime number!
. . . . . 
19403 is a prime number!
. . . . . . 
19417 is a prime number!
. 
19421 is a prime number!

19423 is a prime number!
. 
19427 is a prime number!

19429 is a prime number!
. 
19433 is a prime number!
. . . 
19441 is a prime number!
. . 
19447 is a prime number!
. . . . 
19457 is a prime number!
. . 
19463 is a prime number!
. . 
19469 is a prime number!

19471 is a prime number!
. . 
19477 is a prime number!
. . 
19483 is a prime number!
. . 
19489 is a prime number!
. . . . . 
19501 is a prime number!
. . 
19507 is a prime number!
. . . . . . . . . . . 
19531 is a prime number!
. . . . 
19541 is a prime number!

19543 is a prime number!
. . . . 
19553 is a prime number!
. . 
19559 is a prime number!
. . . . . 
19571 is a prime number!
. . 
19577 is a prime number!
. . 
19583 is a prime number!
. . . . . . 
19597 is a prime number!
. . 
19603 is a prime number!
. . 
19609 is a prime number!
. . . . . . . . . . . . . . . . . . . . . . . . . 
19661 is a prime number!
. . . . . . . . . 
19681 is a prime number!
. . 
19687 is a prime number!
. . . . 
19697 is a prime number!

19699 is a prime number!
. . . . 
19709 is a prime number!
. . . 
19717 is a prime number!
. . . . 
19727 is a prime number!
. . . . . 
19739 is a prime number!
. . . . . 
19751 is a prime number!

19753 is a prime number!
. . 
19759 is a prime number!
. 
19763 is a prime number!
. . . . . . 
19777 is a prime number!
. . . . . . . 
19793 is a prime number!
. . . 
19801 is a prime number!
. . . . . 
19813 is a prime number!
. . 
19819 is a prime number!
. . . . . . . . . . 
19841 is a prime number!

19843 is a prime number!
. . . . 
19853 is a prime number!
. . . 
19861 is a prime number!
. . 
19867 is a prime number!
. . . . . . . . . . 
19889 is a prime number!

19891 is a prime number!
. . . . . . . . . . 
19913 is a prime number!
. . 
19919 is a prime number!
. . . 
19927 is a prime number!
. . . . 
19937 is a prime number!
. . . . . 
19949 is a prime number!
. . . . . 
19961 is a prime number!

19963 is a prime number!
. . . . 
19973 is a prime number!
. . 
19979 is a prime number!
. . . . . 
19991 is a prime number!

19993 is a prime number!
. 
19997 is a prime number!
. . . . . . 
20011 is a prime number!
. . . . 
20021 is a prime number!

20023 is a prime number!
. . 
20029 is a prime number!
. . . . . . . . 
20047 is a prime number!
. 
20051 is a prime number!
. . . . . 
20063 is a prime number!
. . . 
20071 is a prime number!
. . . . . . . . 
20089 is a prime number!
. . . . . 
20101 is a prime number!
. . 
20107 is a prime number!
. . 
20113 is a prime number!
. 
20117 is a prime number!
. . 
20123 is a prime number!
. . 
20129 is a prime number!
. . . . . . 
20143 is a prime number!
. 
20147 is a prime number!

20149 is a prime number!
. . . . . 
20161 is a prime number!
. . . . . 
20173 is a prime number!
. 
20177 is a prime number!
. . 
20183 is a prime number!
. . . . . . . . 
20201 is a prime number!
. . . . . . . . 
20219 is a prime number!
. . . . . 
20231 is a prime number!

20233 is a prime number!
. . . . . . . 
20249 is a prime number!
. . . . . 
20261 is a prime number!
. . . 
20269 is a prime number!
. . . . . . . . 
20287 is a prime number!
. . . . 
20297 is a prime number!
. . . . . . . . . . . . 
20323 is a prime number!
. 
20327 is a prime number!
. . 
20333 is a prime number!
. . . 
20341 is a prime number!
. . 
20347 is a prime number!
. . 
20353 is a prime number!
. 
20357 is a prime number!

20359 is a prime number!
. . . . 
20369 is a prime number!
. . . . . . . . . 
20389 is a prime number!
. 
20393 is a prime number!
. . 
20399 is a prime number!
. . . 
20407 is a prime number!
. 
20411 is a prime number!
. . . . . . . . . 
20431 is a prime number!
. . . . 
20441 is a prime number!

20443 is a prime number!
. . . . . . . . . . . . . . . . 
20477 is a prime number!

20479 is a prime number!
. 
20483 is a prime number!
. . . . . . . . . . . 
20507 is a prime number!

20509 is a prime number!
. . . . . 
20521 is a prime number!
. . . . . 
20533 is a prime number!
. . . . 
20543 is a prime number!
. . 
20549 is a prime number!

20551 is a prime number!
. . . . . 
20563 is a prime number!
. . . . . . . . . . . . . . 
20593 is a prime number!
. . 
20599 is a prime number!
. . . . . 
20611 is a prime number!
. . . . . . . 
20627 is a prime number!
. . . . . 
20639 is a prime number!

20641 is a prime number!
. . . . . . . . . . 
20663 is a prime number!
. . . . . . . . 
20681 is a prime number!
. . . . . 
20693 is a prime number!
. . . . . . 
20707 is a prime number!
. . . . 
20717 is a prime number!

20719 is a prime number!
. . . . . 
20731 is a prime number!
. . . . . 
20743 is a prime number!
. 
20747 is a prime number!

20749 is a prime number!
. 
20753 is a prime number!
. . 
20759 is a prime number!
. . . . . 
20771 is a prime number!

20773 is a prime number!
. . . . . . . 
20789 is a prime number!
. . . . . . . . 
20807 is a prime number!

20809 is a prime number!
. . . . . . . . . . . . . . . . . . . 
20849 is a prime number!
. . . 
20857 is a prime number!
. . . . . . . 
20873 is a prime number!
. . 
20879 is a prime number!
. . . 
20887 is a prime number!
. . . . 
20897 is a prime number!

20899 is a prime number!
. 
20903 is a prime number!
. . . . . . . . 
20921 is a prime number!
. . . 
20929 is a prime number!
. . . . 
20939 is a prime number!
. . . 
20947 is a prime number!
. . . . . 
20959 is a prime number!
. 
20963 is a prime number!
. . . . . . . . 
20981 is a prime number!

20983 is a prime number!
. . . . . . . . 
21001 is a prime number!
. . . . 
21011 is a prime number!

21013 is a prime number!
. 
21017 is a prime number!

21019 is a prime number!
. 
21023 is a prime number!
. . . 
21031 is a prime number!
. . . . . . . . . . . . . 
21059 is a prime number!

21061 is a prime number!
. . 
21067 is a prime number!
. . . . . . . . . . 
21089 is a prime number!
. . . . . 
21101 is a prime number!
. . 
21107 is a prime number!
. . . . . . 
21121 is a prime number!
. . . . . . . . 
21139 is a prime number!
. 
21143 is a prime number!
. . 
21149 is a prime number!
. . . 
21157 is a prime number!
. . 
21163 is a prime number!
. . 
21169 is a prime number!
. . . . 
21179 is a prime number!
. . . 
21187 is a prime number!
. 
21191 is a prime number!

21193 is a prime number!
. . . . . . . . 
21211 is a prime number!
. . . . 
21221 is a prime number!
. . 
21227 is a prime number!
. . . . . . . . . 
21247 is a prime number!
. . . . . . . . . . 
21269 is a prime number!
. . . 
21277 is a prime number!
. . 
21283 is a prime number!
. . . . . . . . . . . . . . 
21313 is a prime number!
. 
21317 is a prime number!

21319 is a prime number!
. 
21323 is a prime number!
. . . . . . . . 
21341 is a prime number!
. . 
21347 is a prime number!
. . . . . . . . . . . . . . 
21377 is a prime number!

21379 is a prime number!
. 
21383 is a prime number!
. . . 
21391 is a prime number!
. . 
21397 is a prime number!
. 
21401 is a prime number!
. . 
21407 is a prime number!
. . . . . 
21419 is a prime number!
. . . . . . 
21433 is a prime number!
. . . . . . . . . . . . . . . . 
21467 is a prime number!
. . . . . . 
21481 is a prime number!
. . 
21487 is a prime number!
. 
21491 is a prime number!

21493 is a prime number!
. . 
21499 is a prime number!
. 
21503 is a prime number!
. . . . . . 
21517 is a prime number!
. 
21521 is a prime number!

21523 is a prime number!
. . 
21529 is a prime number!
. . . . . . . . . . . . . 
21557 is a prime number!

21559 is a prime number!
. 
21563 is a prime number!
. . 
21569 is a prime number!
. . . 
21577 is a prime number!
. . . . 
21587 is a prime number!

21589 is a prime number!
. . . . 
21599 is a prime number!

21601 is a prime number!
. . . . 
21611 is a prime number!

21613 is a prime number!
. 
21617 is a prime number!
. . . . . . . . . . . . . . 
21647 is a prime number!

21649 is a prime number!
. . . . . 
21661 is a prime number!
. . . . . 
21673 is a prime number!
. . . . 
21683 is a prime number!
. . . . . . . . 
21701 is a prime number!
. . . . . 
21713 is a prime number!
. . . . . . 
21727 is a prime number!
. . . . 
21737 is a prime number!

21739 is a prime number!
. . . . . 
21751 is a prime number!
. . 
21757 is a prime number!
. . . . 
21767 is a prime number!
. . 
21773 is a prime number!
. . . . . . 
21787 is a prime number!
. . . . . 
21799 is a prime number!
. 
21803 is a prime number!
. . . . . . 
21817 is a prime number!
. 
21821 is a prime number!
. . . . . . . . 
21839 is a prime number!

21841 is a prime number!
. . . . 
21851 is a prime number!
. . . 
21859 is a prime number!
. 
21863 is a prime number!
. . . 
21871 is a prime number!
. . . . 
21881 is a prime number!
. . . . . 
21893 is a prime number!
. . . . . . . . 
21911 is a prime number!
. . . . . . . . 
21929 is a prime number!
. . . 
21937 is a prime number!
. . 
21943 is a prime number!
. . . . . . . . 
21961 is a prime number!
. . . . . . . 
21977 is a prime number!
. . . . . . 
21991 is a prime number!
. . 
21997 is a prime number!
. . 
22003 is a prime number!
. . . . 
22013 is a prime number!
. . . . . . 
22027 is a prime number!
. 
22031 is a prime number!
. . 
22037 is a prime number!

22039 is a prime number!
. . . . . 
22051 is a prime number!
. . . . . 
22063 is a prime number!
. 
22067 is a prime number!
. . 
22073 is a prime number!
. . 
22079 is a prime number!
. . . . . 
22091 is a prime number!

22093 is a prime number!
. . . . . . . 
22109 is a prime number!

22111 is a prime number!
. . . . . 
22123 is a prime number!
. . 
22129 is a prime number!
. 
22133 is a prime number!
. . . . . . 
22147 is a prime number!
. . 
22153 is a prime number!
. 
22157 is a prime number!

22159 is a prime number!
. . . . . 
22171 is a prime number!
. . . . . . . . 
22189 is a prime number!
. 
22193 is a prime number!
. . . . . . . . . . . . . . . . . 
22229 is a prime number!
. . . . . . . . 
22247 is a prime number!
. . . . . 
22259 is a prime number!
. . . . . 
22271 is a prime number!

22273 is a prime number!
. 
22277 is a prime number!

22279 is a prime number!
. 
22283 is a prime number!
. . . 
22291 is a prime number!
. . . . . 
22303 is a prime number!
. 
22307 is a prime number!
. . . . . . . . . . . . . . . . . 
22343 is a prime number!
. . 
22349 is a prime number!
. . . . . . . . 
22367 is a prime number!

22369 is a prime number!
. . . . . 
22381 is a prime number!
. . . . 
22391 is a prime number!
. . 
22397 is a prime number!
. . . . . 
22409 is a prime number!
. . . . . . . . . . . 
22433 is a prime number!
. . . 
22441 is a prime number!
. . 
22447 is a prime number!
. . 
22453 is a prime number!
. . . . . . . 
22469 is a prime number!
. . . . . 
22481 is a prime number!

22483 is a prime number!
. . . . . . . . 
22501 is a prime number!
. . . . 
22511 is a prime number!
. . . . . . . . . 
22531 is a prime number!
. . . . 
22541 is a prime number!

22543 is a prime number!
. . 
22549 is a prime number!
. . . . . . . . 
22567 is a prime number!
. 
22571 is a prime number!

22573 is a prime number!
. . . . . . . . . . . . . . . . . . . 
22613 is a prime number!
. . 
22619 is a prime number!

22621 is a prime number!
. . . . . . . 
22637 is a prime number!

22639 is a prime number!
. 
22643 is a prime number!
. . . 
22651 is a prime number!
. . . . . . . . 
22669 is a prime number!
. . . . 
22679 is a prime number!
. . . . . 
22691 is a prime number!
. . 
22697 is a prime number!

22699 is a prime number!
. . . . 
22709 is a prime number!
. . . 
22717 is a prime number!
. 
22721 is a prime number!
. . 
22727 is a prime number!
. . . . . 
22739 is a prime number!

22741 is a prime number!
. . . . 
22751 is a prime number!
. . . . . . . . 
22769 is a prime number!
. . . 
22777 is a prime number!
. . 
22783 is a prime number!
. 
22787 is a prime number!
. . . . . . . . . 
22807 is a prime number!
. 
22811 is a prime number!
. . 
22817 is a prime number!
. . . . . . . . . . . . . . . . . 
22853 is a prime number!
. . 
22859 is a prime number!

22861 is a prime number!
. . . . 
22871 is a prime number!
. . 
22877 is a prime number!
. . . . . . . . . . . 
22901 is a prime number!
. . 
22907 is a prime number!
. . . . . . 
22921 is a prime number!
. . . . . . . 
22937 is a prime number!
. . 
22943 is a prime number!
. . . . . . . . 
22961 is a prime number!

22963 is a prime number!
. . . . 
22973 is a prime number!
. . . . . . . . . 
22993 is a prime number!
. . . . 
23003 is a prime number!
. . . 
23011 is a prime number!
. . 
23017 is a prime number!
. 
23021 is a prime number!
. . 
23027 is a prime number!

23029 is a prime number!
. . . . 
23039 is a prime number!

23041 is a prime number!
. . . . . 
23053 is a prime number!
. 
23057 is a prime number!

23059 is a prime number!
. 
23063 is a prime number!
. . . 
23071 is a prime number!
. . . . 
23081 is a prime number!
. . 
23087 is a prime number!
. . . . . 
23099 is a prime number!
. . . . . . . . 
23117 is a prime number!
. . . . . . 
23131 is a prime number!
. . . . . 
23143 is a prime number!
. . . . . . . 
23159 is a prime number!
. . . 
23167 is a prime number!
. . 
23173 is a prime number!
. . . . . . . 
23189 is a prime number!
. . . 
23197 is a prime number!
. 
23201 is a prime number!

23203 is a prime number!
. . 
23209 is a prime number!
. . . . . . . . 
23227 is a prime number!
. . . . . . . . . . . 
23251 is a prime number!
. . . . . . . . 
23269 is a prime number!
. . . . 
23279 is a prime number!
. . . . . 
23291 is a prime number!

23293 is a prime number!
. 
23297 is a prime number!
. . . . . . 
23311 is a prime number!
. . . . 
23321 is a prime number!
. . 
23327 is a prime number!
. . 
23333 is a prime number!
. . 
23339 is a prime number!
. . . . . . . . 
23357 is a prime number!
. . . . . 
23369 is a prime number!

23371 is a prime number!
. . . . . . . . . . . . . 
23399 is a prime number!
. . . . . . . . 
23417 is a prime number!
. . . . . . 
23431 is a prime number!
. . . . . . . 
23447 is a prime number!
. . . . . 
23459 is a prime number!
. . . . . . 
23473 is a prime number!
. . . . . . . . . . . 
23497 is a prime number!
. . . . . 
23509 is a prime number!
. . . . . . . . . . 
23531 is a prime number!
. . 
23537 is a prime number!

23539 is a prime number!
. . . . 
23549 is a prime number!
. . . 
23557 is a prime number!
. 
23561 is a prime number!

23563 is a prime number!
. 
23567 is a prime number!
. . . . . . 
23581 is a prime number!
. . . . . 
23593 is a prime number!
. . 
23599 is a prime number!
. 
23603 is a prime number!
. . 
23609 is a prime number!
. . . . . . 
23623 is a prime number!
. 
23627 is a prime number!

23629 is a prime number!
. 
23633 is a prime number!
. . . . . . . . . . . . . . 
23663 is a prime number!
. . 
23669 is a prime number!

23671 is a prime number!
. . 
23677 is a prime number!
. . . . 
23687 is a prime number!

23689 is a prime number!
. . . . . . . . . . . . . . 
23719 is a prime number!
. . . . . . . . . . 
23741 is a prime number!

23743 is a prime number!
. 
23747 is a prime number!
. . 
23753 is a prime number!
. . . 
23761 is a prime number!
. . 
23767 is a prime number!
. . 
23773 is a prime number!
. . . . . . . 
23789 is a prime number!
. . . . . 
23801 is a prime number!
. . . . . 
23813 is a prime number!
. . 
23819 is a prime number!
. . . 
23827 is a prime number!
. 
23831 is a prime number!

23833 is a prime number!
. . . . . . . . . . . 
23857 is a prime number!
. . . . . 
23869 is a prime number!
. 
23873 is a prime number!
. . 
23879 is a prime number!
. . . 
23887 is a prime number!
. . 
23893 is a prime number!
. . 
23899 is a prime number!
. . . . 
23909 is a prime number!

23911 is a prime number!
. . 
23917 is a prime number!
. . . . . 
23929 is a prime number!
. . . . . . . . . . . . . 
23957 is a prime number!
. . . . . . 
23971 is a prime number!
. . 
23977 is a prime number!
. 
23981 is a prime number!
. . . . . 
23993 is a prime number!
. . . 
24001 is a prime number!
. . 
24007 is a prime number!
. . . . . 
24019 is a prime number!
. 
24023 is a prime number!
. . 
24029 is a prime number!
. . . . . . 
24043 is a prime number!
. . 
24049 is a prime number!
. . . . . 
24061 is a prime number!
. . . . 
24071 is a prime number!
. . 
24077 is a prime number!
. . 
24083 is a prime number!
. . . 
24091 is a prime number!
. . 
24097 is a prime number!
. . 
24103 is a prime number!
. 
24107 is a prime number!

24109 is a prime number!
. 
24113 is a prime number!
. . . 
24121 is a prime number!
. . . . . 
24133 is a prime number!
. 
24137 is a prime number!
. . . . . . 
24151 is a prime number!
. . . . . . . . 
24169 is a prime number!
. . . . 
24179 is a prime number!

24181 is a prime number!
. . . . . . . 
24197 is a prime number!
. . 
24203 is a prime number!
. . . . . . . . . 
24223 is a prime number!
. . 
24229 is a prime number!
. . . . 
24239 is a prime number!
. . . 
24247 is a prime number!
. 
24251 is a prime number!
. . . . . . . . . . . . . . 
24281 is a prime number!
. . . . . . . . . . . . . . . . . 
24317 is a prime number!
. . . . . 
24329 is a prime number!
. . . 
24337 is a prime number!
. . . . . . . . . . 
24359 is a prime number!
. . . . . 
24371 is a prime number!

24373 is a prime number!
. . 
24379 is a prime number!
. . . . . 
24391 is a prime number!
. . . . . . . 
24407 is a prime number!
. . 
24413 is a prime number!
. . 
24419 is a prime number!

24421 is a prime number!
. . . . . . . . 
24439 is a prime number!
. 
24443 is a prime number!
. . . . . . . . . . . . 
24469 is a prime number!
. 
24473 is a prime number!
. . . 
24481 is a prime number!
. . . . . . . . 
24499 is a prime number!
. . . . 
24509 is a prime number!
. . . 
24517 is a prime number!
. . . . 
24527 is a prime number!
. . 
24533 is a prime number!
. . . . . . 
24547 is a prime number!
. 
24551 is a prime number!
. . . . . . . . . 
24571 is a prime number!
. . . . . . . . . . 
24593 is a prime number!
. . . . . . . . 
24611 is a prime number!
. . . . . 
24623 is a prime number!
. . . 
24631 is a prime number!
. . . . . . . . . . . . . 
24659 is a prime number!
. . . . . 
24671 is a prime number!
. . 
24677 is a prime number!
. . 
24683 is a prime number!
. . . 
24691 is a prime number!
. . 
24697 is a prime number!
. . . . . 
24709 is a prime number!
. . . . . . . . . . . 
24733 is a prime number!
. . . . . . . 
24749 is a prime number!
. . . . . . 
24763 is a prime number!
. 
24767 is a prime number!
. . . . . . 
24781 is a prime number!
. . . . . 
24793 is a prime number!
. . 
24799 is a prime number!
. . . . 
24809 is a prime number!
. . . . . 
24821 is a prime number!
. . . . . . . . . 
24841 is a prime number!
. . 
24847 is a prime number!
. 
24851 is a prime number!
. . . 
24859 is a prime number!
. . . . . . . . 
24877 is a prime number!
. . . . . 
24889 is a prime number!
. . . . . . . . 
24907 is a prime number!
. . . . 
24917 is a prime number!

24919 is a prime number!
. 
24923 is a prime number!
. . . . . . . . . 
24943 is a prime number!
. . . . 
24953 is a prime number!
. . . . . . 
24967 is a prime number!
. 
24971 is a prime number!
. . 
24977 is a prime number!

24979 is a prime number!
. . . . 
24989 is a prime number!
. . . . . . . . . . . 
25013 is a prime number!
. . . . . . . . 
25031 is a prime number!

25033 is a prime number!
. 
25037 is a prime number!
. . . . . . . . . 
25057 is a prime number!
. . . . . . . 
25073 is a prime number!
. . . . . . 
25087 is a prime number!
. . . . 
25097 is a prime number!
. . . . . . 
25111 is a prime number!
. . 
25117 is a prime number!
. 
25121 is a prime number!
. . 
25127 is a prime number!
. . . . . . . . . 
25147 is a prime number!
. . 
25153 is a prime number!
. . . . 
25163 is a prime number!
. . 
25169 is a prime number!

25171 is a prime number!
. . . . . 
25183 is a prime number!
. . 
25189 is a prime number!
. . . . . . . . . . . . . . 
25219 is a prime number!
. . . . 
25229 is a prime number!
. . . 
25237 is a prime number!
. . 
25243 is a prime number!
. 
25247 is a prime number!
. . 
25253 is a prime number!
. . . 
25261 is a prime number!
. . . . . . . . . . . . . . . . . . . 
25301 is a prime number!

25303 is a prime number!
. 
25307 is a prime number!

25309 is a prime number!
. . . . . 
25321 is a prime number!
. . . . . . . . 
25339 is a prime number!
. 
25343 is a prime number!
. . 
25349 is a prime number!
. . . 
25357 is a prime number!
. . . . 
25367 is a prime number!
. . 
25373 is a prime number!
. . . . . . . . 
25391 is a prime number!
. . . . . . . . 
25409 is a prime number!

25411 is a prime number!
. . . . . 
25423 is a prime number!
. . . . . . . 
25439 is a prime number!
. . . 
25447 is a prime number!
. . 
25453 is a prime number!
. 
25457 is a prime number!
. . 
25463 is a prime number!
. . 
25469 is a prime number!

25471 is a prime number!
. . . . . . . . . . . . . . . . . . . . . . . . . 
25523 is a prime number!
. . . . . . 
25537 is a prime number!
. 
25541 is a prime number!
. . . . . . . . . 
25561 is a prime number!
. . . . . . . 
25577 is a prime number!

25579 is a prime number!
. 
25583 is a prime number!
. . 
25589 is a prime number!
. . . . . 
25601 is a prime number!

25603 is a prime number!
. . 
25609 is a prime number!
. . . . . 
25621 is a prime number!
. . . . . 
25633 is a prime number!
. . 
25639 is a prime number!
. 
25643 is a prime number!
. . . . . . 
25657 is a prime number!
. . . . 
25667 is a prime number!
. . 
25673 is a prime number!
. . 
25679 is a prime number!
. . . . . . 
25693 is a prime number!
. . . . 
25703 is a prime number!
. . . . . . 
25717 is a prime number!
. . . . . . . 
25733 is a prime number!
. . . 
25741 is a prime number!
. . 
25747 is a prime number!
. . . . . 
25759 is a prime number!
. 
25763 is a prime number!
. . . 
25771 is a prime number!
. . . . . . . . . . 
25793 is a prime number!
. . 
25799 is a prime number!

25801 is a prime number!
. . . . . . . . 
25819 is a prime number!
. . . . . . . . . . 
25841 is a prime number!
. . 
25847 is a prime number!

25849 is a prime number!
. . . . . . . . 
25867 is a prime number!
. . 
25873 is a prime number!
. . . . . . . 
25889 is a prime number!
. . . . . . 
25903 is a prime number!
. . . . 
25913 is a prime number!
. . 
25919 is a prime number!
. . . . . 
25931 is a prime number!

25933 is a prime number!
. . 
25939 is a prime number!
. 
25943 is a prime number!
. . . 
25951 is a prime number!
. . . . . . . . 
25969 is a prime number!
. . . . . 
25981 is a prime number!
. . . . . . . 
25997 is a prime number!

25999 is a prime number!
. 
26003 is a prime number!
. . . . . . 
26017 is a prime number!
. 
26021 is a prime number!
. . . 
26029 is a prime number!
. . . . . 
26041 is a prime number!
. . . . . 
26053 is a prime number!
. . . . . . . . . . . . . . 
26083 is a prime number!
. . . . . . . 
26099 is a prime number!
. . . 
26107 is a prime number!
. 
26111 is a prime number!

26113 is a prime number!
. . 
26119 is a prime number!
. . . . . . . . . . 
26141 is a prime number!
. . . . . 
26153 is a prime number!
. . . 
26161 is a prime number!
. . . . 
26171 is a prime number!
. . 
26177 is a prime number!
. . 
26183 is a prime number!
. . 
26189 is a prime number!
. . . . . . 
26203 is a prime number!
. . 
26209 is a prime number!
. . . . . . . . 
26227 is a prime number!
. . . . 
26237 is a prime number!
. . . . . 
26249 is a prime number!

26251 is a prime number!
. . . . 
26261 is a prime number!

26263 is a prime number!
. 
26267 is a prime number!
. . . . . . . . . . . . 
26293 is a prime number!
. 
26297 is a prime number!
. . . . . 
26309 is a prime number!
. . . 
26317 is a prime number!
. 
26321 is a prime number!
. . . . . . . . 
26339 is a prime number!
. . . 
26347 is a prime number!
. . . . 
26357 is a prime number!
. . . . . . 
26371 is a prime number!
. . . . . . . 
26387 is a prime number!
. . 
26393 is a prime number!
. . 
26399 is a prime number!
. . . 
26407 is a prime number!
. . . . 
26417 is a prime number!
. . 
26423 is a prime number!
. . . 
26431 is a prime number!
. . 
26437 is a prime number!
. . . . . 
26449 is a prime number!
. . . . 
26459 is a prime number!
. . . . . . . . . 
26479 is a prime number!
. . . . 
26489 is a prime number!
. . . 
26497 is a prime number!
. 
26501 is a prime number!
. . . . . 
26513 is a prime number!
. . . . . . . . . . . . 
26539 is a prime number!
. . . . . . . . 
26557 is a prime number!
. 
26561 is a prime number!
. . . . . 
26573 is a prime number!
. . . . . . . . 
26591 is a prime number!
. . 
26597 is a prime number!
. . . . . . . . . . . . . . 
26627 is a prime number!
. . 
26633 is a prime number!
. . . 
26641 is a prime number!
. . 
26647 is a prime number!
. . . . . . . . . . 
26669 is a prime number!
. . . . . 
26681 is a prime number!

26683 is a prime number!
. 
26687 is a prime number!
. . 
26693 is a prime number!
. . 
26699 is a prime number!

26701 is a prime number!
. . . . 
26711 is a prime number!

26713 is a prime number!
. 
26717 is a prime number!
. . 
26723 is a prime number!
. . 
26729 is a prime number!

26731 is a prime number!
. . 
26737 is a prime number!
. . . . . . . . . . 
26759 is a prime number!
. . . . . . . . 
26777 is a prime number!
. . 
26783 is a prime number!
. . . . . . . . 
26801 is a prime number!
. . . . . 
26813 is a prime number!
. . . 
26821 is a prime number!
. . . . . 
26833 is a prime number!
. . 
26839 is a prime number!
. . . . 
26849 is a prime number!
. . . . . 
26861 is a prime number!

26863 is a prime number!
. . . . . . . 
26879 is a prime number!

26881 is a prime number!
. . . . 
26891 is a prime number!

26893 is a prime number!
. . . . 
26903 is a prime number!
. . . . . . . . 
26921 is a prime number!
. . 
26927 is a prime number!
. . . . . . . . . 
26947 is a prime number!
. 
26951 is a prime number!

26953 is a prime number!
. . 
26959 is a prime number!
. . . . . . . . . . 
26981 is a prime number!
. . 
26987 is a prime number!
. . 
26993 is a prime number!
. . . . . . . . 
27011 is a prime number!
. . 
27017 is a prime number!
. . . . . . 
27031 is a prime number!
. . . . . 
27043 is a prime number!
. . . . . . . 
27059 is a prime number!

27061 is a prime number!
. . 
27067 is a prime number!
. . 
27073 is a prime number!
. 
27077 is a prime number!
. . . . . . 
27091 is a prime number!
. . . . . 
27103 is a prime number!
. 
27107 is a prime number!

27109 is a prime number!
. . . . . . . . 
27127 is a prime number!
. . . . . . . 
27143 is a prime number!
. . . . . . . . . . . . . . . . . 
27179 is a prime number!
. . . . . 
27191 is a prime number!
. . 
27197 is a prime number!
. . . . . . 
27211 is a prime number!
. . . . . . . . . . . . . 
27239 is a prime number!

27241 is a prime number!
. . . . . 
27253 is a prime number!
. . 
27259 is a prime number!
. . . . . 
27271 is a prime number!
. . 
27277 is a prime number!
. 
27281 is a prime number!

27283 is a prime number!
. . . . . . . 
27299 is a prime number!
. . . . . . . . . . . . . . 
27329 is a prime number!
. . . 
27337 is a prime number!
. . . . . . . . . . . 
27361 is a prime number!
. . 
27367 is a prime number!
. . . . . . . . . . . . . . 
27397 is a prime number!
. . . . 
27407 is a prime number!

27409 is a prime number!
. . . . . . . . 
27427 is a prime number!
. 
27431 is a prime number!
. . 
27437 is a prime number!
. . . . . 
27449 is a prime number!
. . . 
27457 is a prime number!
. . . . . . . . . . 
27479 is a prime number!

27481 is a prime number!
. . 
27487 is a prime number!
. . . . . . . . . . 
27509 is a prime number!
. . . . . . . . 
27527 is a prime number!

27529 is a prime number!
. . . . 
27539 is a prime number!

27541 is a prime nuslurmstepd: *** JOB 12892753 CANCELLED AT 2020-07-24T10:02:55 *** on node002
