08/19/16-12:30:57
node142
(none)
I am: imstof
I am at /net/eofe-netapp-internal/home/imstof/testjobs


Flops so far: 1000000
Flops so far: 2000000
Flops so far: 3000000
Flops so far: 4000000
Flops so far: 5000000
Flops so far: 6000000
Flops so far: 7000000
Flops so far: 8000000
Flops so far: 9000000
Flops so far: 10000000
Flops so far: 11000000
Flops so far: 12000000

It takes 12482506 flops to run the program
1/8: 1560313
1/4: 3120626
3/8: 4680939
1/2: 6241253
5/8: 7801565
3/4: 9361878
7/8: 10922191

1/8 of flops occur before: 3541
1/4 of flops occur before: 5003
3/8 of flops occur before: 6127
1/2 of flops occur before: 7073
5/8 of flops occur before: 7907
3/4 of flops occur before: 8661
7/8 of flops occur before: 9355

Program Complete


Script Complete
08/19/16-12:31:18
